

*******************************************************************************
Thu Jan 04 22:25:58 2018


FIT:    data read from "ValbewegingTable.csv" u 1:3
        format = x:z
        #datapoints = 17
        residuals are weighted equally (unit weight)

function used for fitting: f(x)
	f(x) = a*x
fitted parameters initialized with current variable values

iter      chisq       delta/lim  lambda   a            
   0 2.0843920000e+02  0.00e+00 3.10e-01  1.000000e+00
   3 7.5572244827e+00 -2.84e-03 3.10e-04 -1.008981e+01

After 3 iterations the fit converged.
final sum of squares of residuals : 7.55722
rel. change during last iteration : -2.83547e-008

degrees of freedom    (FIT_NDF)                        : 16
rms of residuals      (FIT_STDFIT) = sqrt(WSSR/ndf)    : 0.68726
variance of residuals (reduced chisquare) = WSSR/ndf   : 0.472327

Final set of parameters            Asymptotic Standard Error
=======================            ==========================
a               = -10.0898         +/- 0.5377       (5.33%)


*******************************************************************************
Fri Jan 12 12:21:08 2018


FIT:    data read from "ValbewegingTable.csv" u 1:3
        format = x:z
        #datapoints = 17
        residuals are weighted equally (unit weight)

function used for fitting: f(x)
	f(x) = a*x
fitted parameters initialized with current variable values

iter      chisq       delta/lim  lambda   a            
   0 2.0843920000e+02  0.00e+00 3.10e-01  1.000000e+00
   3 7.5572244827e+00 -2.84e-03 3.10e-04 -1.008981e+01

After 3 iterations the fit converged.
final sum of squares of residuals : 7.55722
rel. change during last iteration : -2.83547e-008

degrees of freedom    (FIT_NDF)                        : 16
rms of residuals      (FIT_STDFIT) = sqrt(WSSR/ndf)    : 0.68726
variance of residuals (reduced chisquare) = WSSR/ndf   : 0.472327

Final set of parameters            Asymptotic Standard Error
=======================            ==========================
a               = -10.0898         +/- 0.5377       (5.33%)
