This is pdfTeX, Version 3.14159265-2.6-1.40.19 (MiKTeX 2.9.6630 64-bit) (preloaded format=pdflatex 2018.4.28)  19 MAY 2018 13:43
entering extended mode
**./v,t-grafiek.tex
(v,t-grafiek.tex
LaTeX2e <2017-04-15>
Babel <3.18> and hyphenation patterns for 75 language(s) loaded.

("C:\Users\S.S\AppData\Local\Programs\MiKTeX 2.9\tex\latex\standalone\standalon
e.cls"
Document Class: standalone 2018/03/26 v1.3a Class to compile TeX sub-files stan
dalone
("C:\Users\S.S\AppData\Local\Programs\MiKTeX 2.9\tex\latex\tools\shellesc.sty"
Package: shellesc 2016/06/07 v0.02a unified shell escape interface for LaTeX
Package shellesc Info: Unrestricted shell escape enabled on input line 67.
)
("C:\Users\S.S\AppData\Local\Programs\MiKTeX 2.9\tex\generic\oberdiek\ifluatex.
sty"
Package: ifluatex 2016/05/16 v1.4 Provides the ifluatex switch (HO)
Package ifluatex Info: LuaTeX not detected.
)
("C:\Users\S.S\AppData\Local\Programs\MiKTeX 2.9\tex\generic\oberdiek\ifpdf.sty
"
Package: ifpdf 2017/03/15 v3.2 Provides the ifpdf switch
)
("C:\Users\S.S\AppData\Local\Programs\MiKTeX 2.9\tex\generic\ifxetex\ifxetex.st
y"
Package: ifxetex 2010/09/12 v0.6 Provides ifxetex conditional
)
("C:\Users\S.S\AppData\Local\Programs\MiKTeX 2.9\tex\latex\xkeyval\xkeyval.sty"
Package: xkeyval 2014/12/03 v2.7a package option processing (HA)

("C:\Users\S.S\AppData\Local\Programs\MiKTeX 2.9\tex\generic\xkeyval\xkeyval.te
x"
("C:\Users\S.S\AppData\Local\Programs\MiKTeX 2.9\tex\generic\xkeyval\xkvutils.t
ex"
\XKV@toks=\toks14
\XKV@tempa@toks=\toks15

("C:\Users\S.S\AppData\Local\Programs\MiKTeX 2.9\tex\generic\xkeyval\keyval.tex
"))
\XKV@depth=\count79
File: xkeyval.tex 2014/12/03 v2.7a key=value parser (HA)
))
\sa@internal=\count80
\c@sapage=\count81

("C:\Users\S.S\AppData\Local\Programs\MiKTeX 2.9\tex\latex\standalone\standalon
e.cfg"
File: standalone.cfg 2018/03/26 v1.3a Default configuration file for 'standalon
e' class
)
("C:\Users\S.S\AppData\Local\Programs\MiKTeX 2.9\tex\latex\base\article.cls"
Document Class: article 2014/09/29 v1.4h Standard LaTeX document class
("C:\Users\S.S\AppData\Local\Programs\MiKTeX 2.9\tex\latex\base\size10.clo"
File: size10.clo 2014/09/29 v1.4h Standard LaTeX file (size option)
)
\c@part=\count82
\c@section=\count83
\c@subsection=\count84
\c@subsubsection=\count85
\c@paragraph=\count86
\c@subparagraph=\count87
\c@figure=\count88
\c@table=\count89
\abovecaptionskip=\skip41
\belowcaptionskip=\skip42
\bibindent=\dimen102
)
\sa@box=\box26
)
("C:\Users\S.S\AppData\Local\Programs\MiKTeX 2.9\tex\latex\pgf\frontendlayer\ti
kz.sty"
("C:\Users\S.S\AppData\Local\Programs\MiKTeX 2.9\tex\latex\pgf\basiclayer\pgf.s
ty"
("C:\Users\S.S\AppData\Local\Programs\MiKTeX 2.9\tex\latex\pgf\utilities\pgfrcs
.sty"
("C:\Users\S.S\AppData\Local\Programs\MiKTeX 2.9\tex\generic\pgf\utilities\pgfu
til-common.tex"
\pgfutil@everybye=\toks16
\pgfutil@tempdima=\dimen103
\pgfutil@tempdimb=\dimen104

("C:\Users\S.S\AppData\Local\Programs\MiKTeX 2.9\tex\generic\pgf\utilities\pgfu
til-common-lists.tex"))
("C:\Users\S.S\AppData\Local\Programs\MiKTeX 2.9\tex\generic\pgf\utilities\pgfu
til-latex.def"
\pgfutil@abb=\box27

("C:\Users\S.S\AppData\Local\Programs\MiKTeX 2.9\tex\latex\ms\everyshi.sty"
Package: everyshi 2001/05/15 v3.00 EveryShipout Package (MS)
))
("C:\Users\S.S\AppData\Local\Programs\MiKTeX 2.9\tex\generic\pgf\utilities\pgfr
cs.code.tex"
Package: pgfrcs 2015/08/07 v3.0.1a (rcs-revision 1.31)
))
Package: pgf 2015/08/07 v3.0.1a (rcs-revision 1.15)

("C:\Users\S.S\AppData\Local\Programs\MiKTeX 2.9\tex\latex\pgf\basiclayer\pgfco
re.sty"
("C:\Users\S.S\AppData\Local\Programs\MiKTeX 2.9\tex\latex\graphics\graphicx.st
y"
Package: graphicx 2017/06/01 v1.1a Enhanced LaTeX Graphics (DPC,SPQR)

("C:\Users\S.S\AppData\Local\Programs\MiKTeX 2.9\tex\latex\graphics\graphics.st
y"
Package: graphics 2017/06/25 v1.2c Standard LaTeX Graphics (DPC,SPQR)
 ("C:\Users\S.S\AppData\Local\Programs\MiKTeX 2.9\tex\latex\graphics\trig.sty"
Package: trig 2016/01/03 v1.10 sin cos tan (DPC)
)
("C:\Users\S.S\AppData\Local\Programs\MiKTeX 2.9\tex\latex\graphics-cfg\graphic
s.cfg"
File: graphics.cfg 2016/06/04 v1.11 sample graphics configuration
)
Package graphics Info: Driver file: pdftex.def on input line 99.

("C:\Users\S.S\AppData\Local\Programs\MiKTeX 2.9\tex\latex\graphics-def\pdftex.
def"
File: pdftex.def 2018/01/08 v1.0l Graphics/color driver for pdftex
))
\Gin@req@height=\dimen105
\Gin@req@width=\dimen106
)
("C:\Users\S.S\AppData\Local\Programs\MiKTeX 2.9\tex\latex\pgf\systemlayer\pgfs
ys.sty"
("C:\Users\S.S\AppData\Local\Programs\MiKTeX 2.9\tex\generic\pgf\systemlayer\pg
fsys.code.tex"
Package: pgfsys 2014/07/09 v3.0.1a (rcs-revision 1.48)

("C:\Users\S.S\AppData\Local\Programs\MiKTeX 2.9\tex\generic\pgf\utilities\pgfk
eys.code.tex"
\pgfkeys@pathtoks=\toks17
\pgfkeys@temptoks=\toks18

("C:\Users\S.S\AppData\Local\Programs\MiKTeX 2.9\tex\generic\pgf\utilities\pgfk
eysfiltered.code.tex"
\pgfkeys@tmptoks=\toks19
))
\pgf@x=\dimen107
\pgf@y=\dimen108
\pgf@xa=\dimen109
\pgf@ya=\dimen110
\pgf@xb=\dimen111
\pgf@yb=\dimen112
\pgf@xc=\dimen113
\pgf@yc=\dimen114
\w@pgf@writea=\write3
\r@pgf@reada=\read1
\c@pgf@counta=\count90
\c@pgf@countb=\count91
\c@pgf@countc=\count92
\c@pgf@countd=\count93
\t@pgf@toka=\toks20
\t@pgf@tokb=\toks21
\t@pgf@tokc=\toks22

("C:\Users\S.S\AppData\Local\Programs\MiKTeX 2.9\tex\generic\pgf\systemlayer\pg
f.cfg"
File: pgf.cfg 2008/05/14  (rcs-revision 1.7)
)
Driver file for pgf: pgfsys-pdftex.def

("C:\Users\S.S\AppData\Local\Programs\MiKTeX 2.9\tex\generic\pgf\systemlayer\pg
fsys-pdftex.def"
File: pgfsys-pdftex.def 2014/10/11  (rcs-revision 1.35)

("C:\Users\S.S\AppData\Local\Programs\MiKTeX 2.9\tex\generic\pgf\systemlayer\pg
fsys-common-pdf.def"
File: pgfsys-common-pdf.def 2013/10/10  (rcs-revision 1.13)
)))
("C:\Users\S.S\AppData\Local\Programs\MiKTeX 2.9\tex\generic\pgf\systemlayer\pg
fsyssoftpath.code.tex"
File: pgfsyssoftpath.code.tex 2013/09/09  (rcs-revision 1.9)
\pgfsyssoftpath@smallbuffer@items=\count94
\pgfsyssoftpath@bigbuffer@items=\count95
)
("C:\Users\S.S\AppData\Local\Programs\MiKTeX 2.9\tex\generic\pgf\systemlayer\pg
fsysprotocol.code.tex"
File: pgfsysprotocol.code.tex 2006/10/16  (rcs-revision 1.4)
))
("C:\Users\S.S\AppData\Local\Programs\MiKTeX 2.9\tex\latex\xcolor\xcolor.sty"
Package: xcolor 2016/05/11 v2.12 LaTeX color extensions (UK)

("C:\Users\S.S\AppData\Local\Programs\MiKTeX 2.9\tex\latex\graphics-cfg\color.c
fg"
File: color.cfg 2016/01/02 v1.6 sample color configuration
)
Package xcolor Info: Driver file: pdftex.def on input line 225.
Package xcolor Info: Model `cmy' substituted by `cmy0' on input line 1348.
Package xcolor Info: Model `hsb' substituted by `rgb' on input line 1352.
Package xcolor Info: Model `RGB' extended on input line 1364.
Package xcolor Info: Model `HTML' substituted by `rgb' on input line 1366.
Package xcolor Info: Model `Hsb' substituted by `hsb' on input line 1367.
Package xcolor Info: Model `tHsb' substituted by `hsb' on input line 1368.
Package xcolor Info: Model `HSB' substituted by `hsb' on input line 1369.
Package xcolor Info: Model `Gray' substituted by `gray' on input line 1370.
Package xcolor Info: Model `wave' substituted by `hsb' on input line 1371.
)
("C:\Users\S.S\AppData\Local\Programs\MiKTeX 2.9\tex\generic\pgf\basiclayer\pgf
core.code.tex"
Package: pgfcore 2010/04/11 v3.0.1a (rcs-revision 1.7)

("C:\Users\S.S\AppData\Local\Programs\MiKTeX 2.9\tex\generic\pgf\math\pgfmath.c
ode.tex"
("C:\Users\S.S\AppData\Local\Programs\MiKTeX 2.9\tex\generic\pgf\math\pgfmathca
lc.code.tex"
("C:\Users\S.S\AppData\Local\Programs\MiKTeX 2.9\tex\generic\pgf\math\pgfmathut
il.code.tex")
("C:\Users\S.S\AppData\Local\Programs\MiKTeX 2.9\tex\generic\pgf\math\pgfmathpa
rser.code.tex"
\pgfmath@dimen=\dimen115
\pgfmath@count=\count96
\pgfmath@box=\box28
\pgfmath@toks=\toks23
\pgfmath@stack@operand=\toks24
\pgfmath@stack@operation=\toks25
)
("C:\Users\S.S\AppData\Local\Programs\MiKTeX 2.9\tex\generic\pgf\math\pgfmathfu
nctions.code.tex"
("C:\Users\S.S\AppData\Local\Programs\MiKTeX 2.9\tex\generic\pgf\math\pgfmathfu
nctions.basic.code.tex")
("C:\Users\S.S\AppData\Local\Programs\MiKTeX 2.9\tex\generic\pgf\math\pgfmathfu
nctions.trigonometric.code.tex")
("C:\Users\S.S\AppData\Local\Programs\MiKTeX 2.9\tex\generic\pgf\math\pgfmathfu
nctions.random.code.tex")
("C:\Users\S.S\AppData\Local\Programs\MiKTeX 2.9\tex\generic\pgf\math\pgfmathfu
nctions.comparison.code.tex")
("C:\Users\S.S\AppData\Local\Programs\MiKTeX 2.9\tex\generic\pgf\math\pgfmathfu
nctions.base.code.tex")
("C:\Users\S.S\AppData\Local\Programs\MiKTeX 2.9\tex\generic\pgf\math\pgfmathfu
nctions.round.code.tex")
("C:\Users\S.S\AppData\Local\Programs\MiKTeX 2.9\tex\generic\pgf\math\pgfmathfu
nctions.misc.code.tex")
("C:\Users\S.S\AppData\Local\Programs\MiKTeX 2.9\tex\generic\pgf\math\pgfmathfu
nctions.integerarithmetics.code.tex")))
("C:\Users\S.S\AppData\Local\Programs\MiKTeX 2.9\tex\generic\pgf\math\pgfmathfl
oat.code.tex"
\c@pgfmathroundto@lastzeros=\count97
))
("C:\Users\S.S\AppData\Local\Programs\MiKTeX 2.9\tex\generic\pgf\basiclayer\pgf
corepoints.code.tex"
File: pgfcorepoints.code.tex 2013/10/07  (rcs-revision 1.27)
\pgf@picminx=\dimen116
\pgf@picmaxx=\dimen117
\pgf@picminy=\dimen118
\pgf@picmaxy=\dimen119
\pgf@pathminx=\dimen120
\pgf@pathmaxx=\dimen121
\pgf@pathminy=\dimen122
\pgf@pathmaxy=\dimen123
\pgf@xx=\dimen124
\pgf@xy=\dimen125
\pgf@yx=\dimen126
\pgf@yy=\dimen127
\pgf@zx=\dimen128
\pgf@zy=\dimen129
)
("C:\Users\S.S\AppData\Local\Programs\MiKTeX 2.9\tex\generic\pgf\basiclayer\pgf
corepathconstruct.code.tex"
File: pgfcorepathconstruct.code.tex 2013/10/07  (rcs-revision 1.29)
\pgf@path@lastx=\dimen130
\pgf@path@lasty=\dimen131
)
("C:\Users\S.S\AppData\Local\Programs\MiKTeX 2.9\tex\generic\pgf\basiclayer\pgf
corepathusage.code.tex"
File: pgfcorepathusage.code.tex 2014/11/02  (rcs-revision 1.24)
\pgf@shorten@end@additional=\dimen132
\pgf@shorten@start@additional=\dimen133
)
("C:\Users\S.S\AppData\Local\Programs\MiKTeX 2.9\tex\generic\pgf\basiclayer\pgf
corescopes.code.tex"
File: pgfcorescopes.code.tex 2015/05/08  (rcs-revision 1.46)
\pgfpic=\box29
\pgf@hbox=\box30
\pgf@layerbox@main=\box31
\pgf@picture@serial@count=\count98
)
("C:\Users\S.S\AppData\Local\Programs\MiKTeX 2.9\tex\generic\pgf\basiclayer\pgf
coregraphicstate.code.tex"
File: pgfcoregraphicstate.code.tex 2014/11/02  (rcs-revision 1.12)
\pgflinewidth=\dimen134
)
("C:\Users\S.S\AppData\Local\Programs\MiKTeX 2.9\tex\generic\pgf\basiclayer\pgf
coretransformations.code.tex"
File: pgfcoretransformations.code.tex 2015/08/07  (rcs-revision 1.20)
\pgf@pt@x=\dimen135
\pgf@pt@y=\dimen136
\pgf@pt@temp=\dimen137
)
("C:\Users\S.S\AppData\Local\Programs\MiKTeX 2.9\tex\generic\pgf\basiclayer\pgf
corequick.code.tex"
File: pgfcorequick.code.tex 2008/10/09  (rcs-revision 1.3)
)
("C:\Users\S.S\AppData\Local\Programs\MiKTeX 2.9\tex\generic\pgf\basiclayer\pgf
coreobjects.code.tex"
File: pgfcoreobjects.code.tex 2006/10/11  (rcs-revision 1.2)
)
("C:\Users\S.S\AppData\Local\Programs\MiKTeX 2.9\tex\generic\pgf\basiclayer\pgf
corepathprocessing.code.tex"
File: pgfcorepathprocessing.code.tex 2013/09/09  (rcs-revision 1.9)
)
("C:\Users\S.S\AppData\Local\Programs\MiKTeX 2.9\tex\generic\pgf\basiclayer\pgf
corearrows.code.tex"
File: pgfcorearrows.code.tex 2015/05/14  (rcs-revision 1.43)
\pgfarrowsep=\dimen138
)
("C:\Users\S.S\AppData\Local\Programs\MiKTeX 2.9\tex\generic\pgf\basiclayer\pgf
coreshade.code.tex"
File: pgfcoreshade.code.tex 2013/07/15  (rcs-revision 1.15)
\pgf@max=\dimen139
\pgf@sys@shading@range@num=\count99
)
("C:\Users\S.S\AppData\Local\Programs\MiKTeX 2.9\tex\generic\pgf\basiclayer\pgf
coreimage.code.tex"
File: pgfcoreimage.code.tex 2013/07/15  (rcs-revision 1.18)

("C:\Users\S.S\AppData\Local\Programs\MiKTeX 2.9\tex\generic\pgf\basiclayer\pgf
coreexternal.code.tex"
File: pgfcoreexternal.code.tex 2014/07/09  (rcs-revision 1.21)
\pgfexternal@startupbox=\box32
))
("C:\Users\S.S\AppData\Local\Programs\MiKTeX 2.9\tex\generic\pgf\basiclayer\pgf
corelayers.code.tex"
File: pgfcorelayers.code.tex 2013/07/18  (rcs-revision 1.7)
)
("C:\Users\S.S\AppData\Local\Programs\MiKTeX 2.9\tex\generic\pgf\basiclayer\pgf
coretransparency.code.tex"
File: pgfcoretransparency.code.tex 2013/09/30  (rcs-revision 1.5)
)
("C:\Users\S.S\AppData\Local\Programs\MiKTeX 2.9\tex\generic\pgf\basiclayer\pgf
corepatterns.code.tex"
File: pgfcorepatterns.code.tex 2013/11/07  (rcs-revision 1.5)
)))
("C:\Users\S.S\AppData\Local\Programs\MiKTeX 2.9\tex\generic\pgf\modules\pgfmod
uleshapes.code.tex"
File: pgfmoduleshapes.code.tex 2014/03/21  (rcs-revision 1.35)
\pgfnodeparttextbox=\box33
)
("C:\Users\S.S\AppData\Local\Programs\MiKTeX 2.9\tex\generic\pgf\modules\pgfmod
uleplot.code.tex"
File: pgfmoduleplot.code.tex 2015/08/03  (rcs-revision 1.13)
)
("C:\Users\S.S\AppData\Local\Programs\MiKTeX 2.9\tex\latex\pgf\compatibility\pg
fcomp-version-0-65.sty"
Package: pgfcomp-version-0-65 2007/07/03 v3.0.1a (rcs-revision 1.7)
\pgf@nodesepstart=\dimen140
\pgf@nodesepend=\dimen141
)
("C:\Users\S.S\AppData\Local\Programs\MiKTeX 2.9\tex\latex\pgf\compatibility\pg
fcomp-version-1-18.sty"
Package: pgfcomp-version-1-18 2007/07/23 v3.0.1a (rcs-revision 1.1)
))
("C:\Users\S.S\AppData\Local\Programs\MiKTeX 2.9\tex\latex\pgf\utilities\pgffor
.sty"
("C:\Users\S.S\AppData\Local\Programs\MiKTeX 2.9\tex\latex\pgf\utilities\pgfkey
s.sty"
("C:\Users\S.S\AppData\Local\Programs\MiKTeX 2.9\tex\generic\pgf\utilities\pgfk
eys.code.tex"))
("C:\Users\S.S\AppData\Local\Programs\MiKTeX 2.9\tex\latex\pgf\math\pgfmath.sty
"
("C:\Users\S.S\AppData\Local\Programs\MiKTeX 2.9\tex\generic\pgf\math\pgfmath.c
ode.tex"))
("C:\Users\S.S\AppData\Local\Programs\MiKTeX 2.9\tex\generic\pgf\utilities\pgff
or.code.tex"
Package: pgffor 2013/12/13 v3.0.1a (rcs-revision 1.25)

("C:\Users\S.S\AppData\Local\Programs\MiKTeX 2.9\tex\generic\pgf\math\pgfmath.c
ode.tex")
\pgffor@iter=\dimen142
\pgffor@skip=\dimen143
\pgffor@stack=\toks26
\pgffor@toks=\toks27
))
("C:\Users\S.S\AppData\Local\Programs\MiKTeX 2.9\tex\generic\pgf\frontendlayer\
tikz\tikz.code.tex"
Package: tikz 2015/08/07 v3.0.1a (rcs-revision 1.151)

("C:\Users\S.S\AppData\Local\Programs\MiKTeX 2.9\tex\generic\pgf\libraries\pgfl
ibraryplothandlers.code.tex"
File: pgflibraryplothandlers.code.tex 2013/08/31 v3.0.1a (rcs-revision 1.20)
\pgf@plot@mark@count=\count100
\pgfplotmarksize=\dimen144
)
\tikz@lastx=\dimen145
\tikz@lasty=\dimen146
\tikz@lastxsaved=\dimen147
\tikz@lastysaved=\dimen148
\tikzleveldistance=\dimen149
\tikzsiblingdistance=\dimen150
\tikz@figbox=\box34
\tikz@figbox@bg=\box35
\tikz@tempbox=\box36
\tikz@tempbox@bg=\box37
\tikztreelevel=\count101
\tikznumberofchildren=\count102
\tikznumberofcurrentchild=\count103
\tikz@fig@count=\count104

("C:\Users\S.S\AppData\Local\Programs\MiKTeX 2.9\tex\generic\pgf\modules\pgfmod
ulematrix.code.tex"
File: pgfmodulematrix.code.tex 2013/09/17  (rcs-revision 1.8)
\pgfmatrixcurrentrow=\count105
\pgfmatrixcurrentcolumn=\count106
\pgf@matrix@numberofcolumns=\count107
)
\tikz@expandcount=\count108

("C:\Users\S.S\AppData\Local\Programs\MiKTeX 2.9\tex\generic\pgf\frontendlayer\
tikz\libraries\tikzlibrarytopaths.code.tex"
File: tikzlibrarytopaths.code.tex 2008/06/17 v3.0.1a (rcs-revision 1.2)
)))
("C:\Users\S.S\AppData\Local\Programs\MiKTeX 2.9\tex\latex\pgfplots\pgfplots.st
y"
("C:\Users\S.S\AppData\Local\Programs\MiKTeX 2.9\tex\generic\pgfplots\pgfplots.
revision.tex")
Package: pgfplots 2018/03/28 v1.16 Data Visualization (1.16)

("C:\Users\S.S\AppData\Local\Programs\MiKTeX 2.9\tex\generic\pgfplots\pgfplots.
code.tex"
("C:\Users\S.S\AppData\Local\Programs\MiKTeX 2.9\tex\generic\pgfplots\pgfplotsc
ore.code.tex"
\t@pgfplots@toka=\toks28
\t@pgfplots@tokb=\toks29
\t@pgfplots@tokc=\toks30
\pgfplots@tmpa=\dimen151
\c@pgfplots@coordindex=\count109
\c@pgfplots@scanlineindex=\count110

("C:\Users\S.S\AppData\Local\Programs\MiKTeX 2.9\tex\generic\pgfplots\sys\pgfpl
otssysgeneric.code.tex"))
("C:\Users\S.S\AppData\Local\Programs\MiKTeX 2.9\tex\generic\pgfplots\libs\pgfp
lotslibrary.code.tex")
("C:\Users\S.S\AppData\Local\Programs\MiKTeX 2.9\tex\generic\pgfplots\oldpgfcom
patib\pgfplotsoldpgfsupp_loader.code.tex"
("C:\Users\S.S\AppData\Local\Programs\MiKTeX 2.9\tex\generic\pgf\libraries\pgfl
ibraryfpu.code.tex")
Package pgfplots: loading complementary arithmetics for your pgf version...

("C:\Users\S.S\AppData\Local\Programs\MiKTeX 2.9\tex\generic\pgfplots\oldpgfcom
patib\pgfplotsoldpgfsupp_pgflibraryfpu.code.tex")
("C:\Users\S.S\AppData\Local\Programs\MiKTeX 2.9\tex\generic\pgfplots\oldpgfcom
patib\pgfplotsoldpgfsupp_pgfmathfloat.code.tex"
\c@pgfmathroundto@lastzeros=\count111
)
("C:\Users\S.S\AppData\Local\Programs\MiKTeX 2.9\tex\generic\pgfplots\oldpgfcom
patib\pgfplotsoldpgfsupp_leq.code.tex"))
("C:\Users\S.S\AppData\Local\Programs\MiKTeX 2.9\tex\generic\pgfplots\util\pgfp
lotsutil.code.tex"
("C:\Users\S.S\AppData\Local\Programs\MiKTeX 2.9\tex\generic\pgfplots\liststruc
ture\pgfplotsliststructure.code.tex")
("C:\Users\S.S\AppData\Local\Programs\MiKTeX 2.9\tex\generic\pgfplots\liststruc
ture\pgfplotsliststructureext.code.tex")
("C:\Users\S.S\AppData\Local\Programs\MiKTeX 2.9\tex\generic\pgfplots\liststruc
ture\pgfplotsarray.code.tex"
\c@pgfplotsarray@tmp=\count112
)
("C:\Users\S.S\AppData\Local\Programs\MiKTeX 2.9\tex\generic\pgfplots\liststruc
ture\pgfplotsmatrix.code.tex")
("C:\Users\S.S\AppData\Local\Programs\MiKTeX 2.9\tex\generic\pgfplots\numtable\
pgfplotstableshared.code.tex"
\c@pgfplotstable@counta=\count113
\t@pgfplotstable@a=\toks31
)
("C:\Users\S.S\AppData\Local\Programs\MiKTeX 2.9\tex\generic\pgfplots\liststruc
ture\pgfplotsdeque.code.tex")
("C:\Users\S.S\AppData\Local\Programs\MiKTeX 2.9\tex\generic\pgfplots\util\pgfp
lotsbinary.code.tex"
("C:\Users\S.S\AppData\Local\Programs\MiKTeX 2.9\tex\generic\pgfplots\util\pgfp
lotsbinary.data.code.tex"))
("C:\Users\S.S\AppData\Local\Programs\MiKTeX 2.9\tex\generic\pgfplots\util\pgfp
lotsutil.verb.code.tex")
("C:\Users\S.S\AppData\Local\Programs\MiKTeX 2.9\tex\generic\pgfplots\libs\pgfl
ibrarypgfplots.surfshading.code.tex"
\c@pgfplotslibrarysurf@no=\count114

("C:\Users\S.S\AppData\Local\Programs\MiKTeX 2.9\tex\generic\pgfplots\sys\pgfli
brarypgfplots.surfshading.pgfsys-pdftex.def")))
("C:\Users\S.S\AppData\Local\Programs\MiKTeX 2.9\tex\generic\pgfplots\util\pgfp
lotscolormap.code.tex"
("C:\Users\S.S\AppData\Local\Programs\MiKTeX 2.9\tex\generic\pgfplots\util\pgfp
lotscolor.code.tex"))
("C:\Users\S.S\AppData\Local\Programs\MiKTeX 2.9\tex\generic\pgfplots\pgfplotss
tackedplots.code.tex")
("C:\Users\S.S\AppData\Local\Programs\MiKTeX 2.9\tex\generic\pgfplots\pgfplotsp
lothandlers.code.tex"
("C:\Users\S.S\AppData\Local\Programs\MiKTeX 2.9\tex\generic\pgfplots\pgfplotsm
eshplothandler.code.tex"
("C:\Users\S.S\AppData\Local\Programs\MiKTeX 2.9\tex\generic\pgfplots\pgfplotsm
eshplotimage.code.tex")))
("C:\Users\S.S\AppData\Local\Programs\MiKTeX 2.9\tex\generic\pgfplots\pgfplots.
scaling.code.tex")
("C:\Users\S.S\AppData\Local\Programs\MiKTeX 2.9\tex\generic\pgfplots\pgfplotsc
oordprocessing.code.tex")
("C:\Users\S.S\AppData\Local\Programs\MiKTeX 2.9\tex\generic\pgfplots\pgfplots.
errorbars.code.tex")
("C:\Users\S.S\AppData\Local\Programs\MiKTeX 2.9\tex\generic\pgfplots\pgfplots.
markers.code.tex")
("C:\Users\S.S\AppData\Local\Programs\MiKTeX 2.9\tex\generic\pgfplots\pgfplotst
icks.code.tex")
("C:\Users\S.S\AppData\Local\Programs\MiKTeX 2.9\tex\generic\pgfplots\pgfplots.
paths.code.tex")
("C:\Users\S.S\AppData\Local\Programs\MiKTeX 2.9\tex\generic\pgf\frontendlayer\
tikz\libraries\tikzlibrarydecorations.code.tex"
("C:\Users\S.S\AppData\Local\Programs\MiKTeX 2.9\tex\generic\pgf\modules\pgfmod
uledecorations.code.tex"
\pgfdecoratedcompleteddistance=\dimen152
\pgfdecoratedremainingdistance=\dimen153
\pgfdecoratedinputsegmentcompleteddistance=\dimen154
\pgfdecoratedinputsegmentremainingdistance=\dimen155
\pgf@decorate@distancetomove=\dimen156
\pgf@decorate@repeatstate=\count115
\pgfdecorationsegmentamplitude=\dimen157
\pgfdecorationsegmentlength=\dimen158
)
\tikz@lib@dec@box=\box38
)
("C:\Users\S.S\AppData\Local\Programs\MiKTeX 2.9\tex\generic\pgf\frontendlayer\
tikz\libraries\tikzlibrarydecorations.pathmorphing.code.tex"
("C:\Users\S.S\AppData\Local\Programs\MiKTeX 2.9\tex\generic\pgf\libraries\deco
rations\pgflibrarydecorations.pathmorphing.code.tex"))
("C:\Users\S.S\AppData\Local\Programs\MiKTeX 2.9\tex\generic\pgf\frontendlayer\
tikz\libraries\tikzlibrarydecorations.pathreplacing.code.tex"
("C:\Users\S.S\AppData\Local\Programs\MiKTeX 2.9\tex\generic\pgf\libraries\deco
rations\pgflibrarydecorations.pathreplacing.code.tex"))
\pgfplots@numplots=\count116
\pgfplots@xmin@reg=\dimen159
\pgfplots@xmax@reg=\dimen160
\pgfplots@ymin@reg=\dimen161
\pgfplots@ymax@reg=\dimen162
\pgfplots@zmin@reg=\dimen163
\pgfplots@zmax@reg=\dimen164
)
("C:\Users\S.S\AppData\Local\Programs\MiKTeX 2.9\tex\generic\pgf\frontendlayer\
tikz\libraries\tikzlibraryplotmarks.code.tex"
File: tikzlibraryplotmarks.code.tex 2008/01/09 v3.0.1a (rcs-revision 1.1)

("C:\Users\S.S\AppData\Local\Programs\MiKTeX 2.9\tex\generic\pgf\libraries\pgfl
ibraryplotmarks.code.tex"
File: pgflibraryplotmarks.code.tex 2015/08/03 v3.0.1a (rcs-revision 1.14)
)))
("C:\Users\S.S\AppData\Local\Programs\MiKTeX 2.9\tex\latex\filecontents\filecon
tents.sty"
Package: filecontents 2011/10/08 v1.3 Create an external file from within a LaT
eX document
)
("C:\Users\S.S\AppData\Local\Programs\MiKTeX 2.9\tex\latex\pgfplots\pgfplotstab
le.sty"
("C:\Users\S.S\AppData\Local\Programs\MiKTeX 2.9\tex\generic\pgfplots\pgfplots.
revision.tex")
Package: pgfplotstable 2018/03/28 v1.16 Table typesetting and Pretty-printing (
1.16)

("C:\Users\S.S\AppData\Local\Programs\MiKTeX 2.9\tex\generic\pgfplots\numtable\
pgfplotstable.code.tex"
("C:\Users\S.S\AppData\Local\Programs\MiKTeX 2.9\tex\generic\pgfplots\numtable\
pgfplotstable.coltype.code.tex"))
("C:\Users\S.S\AppData\Local\Programs\MiKTeX 2.9\tex\latex\tools\array.sty"
Package: array 2016/10/06 v2.4d Tabular extension package (FMi)
\col@sep=\dimen165
\extrarowheight=\dimen166
\NC@list=\toks32
\extratabsurround=\skip43
\backup@length=\skip44
))
("C:\Users\S.S\AppData\Local\Programs\MiKTeX 2.9\tex\latex\siunitx\siunitx.sty"
("C:\Users\S.S\AppData\Local\Programs\MiKTeX 2.9\tex\latex\l3kernel\expl3.sty"
Package: expl3 2018/03/05 L3 programming layer (loader) 

("C:\Users\S.S\AppData\Local\Programs\MiKTeX 2.9\tex\latex\l3kernel\expl3-code.
tex"
Package: expl3 2018/03/05 L3 programming layer (code)
\c_max_int=\count117
\l_tmpa_int=\count118
\l_tmpb_int=\count119
\g_tmpa_int=\count120
\g_tmpb_int=\count121
\g__intarray_font_int=\count122
\g__prg_map_int=\count123
\c_log_iow=\count124
\l_iow_line_count_int=\count125
\l__iow_line_target_int=\count126
\l__iow_one_indent_int=\count127
\l__iow_indent_int=\count128
\c_zero_dim=\dimen167
\c_max_dim=\dimen168
\l_tmpa_dim=\dimen169
\l_tmpb_dim=\dimen170
\g_tmpa_dim=\dimen171
\g_tmpb_dim=\dimen172
\c_zero_skip=\skip45
\c_max_skip=\skip46
\l_tmpa_skip=\skip47
\l_tmpb_skip=\skip48
\g_tmpa_skip=\skip49
\g_tmpb_skip=\skip50
\c_zero_muskip=\muskip10
\c_max_muskip=\muskip11
\l_tmpa_muskip=\muskip12
\l_tmpb_muskip=\muskip13
\g_tmpa_muskip=\muskip14
\g_tmpb_muskip=\muskip15
\l_keys_choice_int=\count129
\c__fp_leading_shift_int=\count130
\c__fp_middle_shift_int=\count131
\c__fp_trailing_shift_int=\count132
\c__fp_big_leading_shift_int=\count133
\c__fp_big_middle_shift_int=\count134
\c__fp_big_trailing_shift_int=\count135
\c__fp_Bigg_leading_shift_int=\count136
\c__fp_Bigg_middle_shift_int=\count137
\c__fp_Bigg_trailing_shift_int=\count138
\c__fp_rand_size_int=\count139
\c__fp_rand_four_int=\count140
\c__fp_rand_eight_int=\count141
\l__sort_length_int=\count142
\l__sort_min_int=\count143
\l__sort_top_int=\count144
\l__sort_max_int=\count145
\l__sort_true_max_int=\count146
\l__sort_block_int=\count147
\l__sort_begin_int=\count148
\l__sort_end_int=\count149
\l__sort_A_int=\count150
\l__sort_B_int=\count151
\l__sort_C_int=\count152
\l__tl_build_start_index_int=\count153
\l__tl_build_index_int=\count154
\l__tl_analysis_normal_int=\count155
\l__tl_analysis_index_int=\count156
\l__tl_analysis_nesting_int=\count157
\l__tl_analysis_type_int=\count158
\l__regex_internal_a_int=\count159
\l__regex_internal_b_int=\count160
\l__regex_internal_c_int=\count161
\l__regex_balance_int=\count162
\l__regex_group_level_int=\count163
\l__regex_mode_int=\count164
\c__regex_cs_in_class_mode_int=\count165
\c__regex_cs_mode_int=\count166
\l__regex_catcodes_int=\count167
\l__regex_default_catcodes_int=\count168
\c__regex_catcode_D_int=\count169
\c__regex_catcode_S_int=\count170
\c__regex_catcode_L_int=\count171
\c__regex_catcode_O_int=\count172
\c__regex_catcode_A_int=\count173
\c__regex_all_catcodes_int=\count174
\l__regex_show_lines_int=\count175
\l__regex_min_state_int=\count176
\l__regex_max_state_int=\count177
\l__regex_left_state_int=\count178
\l__regex_right_state_int=\count179
\l__regex_capturing_group_int=\count180
\l__regex_min_pos_int=\count181
\l__regex_max_pos_int=\count182
\l__regex_curr_pos_int=\count183
\l__regex_start_pos_int=\count184
\l__regex_success_pos_int=\count185
\l__regex_curr_char_int=\count186
\l__regex_curr_catcode_int=\count187
\l__regex_last_char_int=\count188
\l__regex_case_changed_char_int=\count189
\l__regex_curr_state_int=\count190
\l__regex_step_int=\count191
\l__regex_min_active_int=\count192
\l__regex_max_active_int=\count193
\l__regex_replacement_csnames_int=\count194
\l__regex_match_count_int=\count195
\l__regex_min_submatch_int=\count196
\l__regex_submatch_int=\count197
\l__regex_zeroth_submatch_int=\count198
\g__regex_trace_regex_int=\count199
\c_empty_box=\box39
\l_tmpa_box=\box40
\l_tmpb_box=\box41
\g_tmpa_box=\box42
\g_tmpb_box=\box43
\l__box_top_dim=\dimen173
\l__box_bottom_dim=\dimen174
\l__box_left_dim=\dimen175
\l__box_right_dim=\dimen176
\l__box_top_new_dim=\dimen177
\l__box_bottom_new_dim=\dimen178
\l__box_left_new_dim=\dimen179
\l__box_right_new_dim=\dimen180
\l__box_internal_box=\box44
\l__coffin_internal_box=\box45
\l__coffin_internal_dim=\dimen181
\l__coffin_offset_x_dim=\dimen182
\l__coffin_offset_y_dim=\dimen183
\l__coffin_x_dim=\dimen184
\l__coffin_y_dim=\dimen185
\l__coffin_x_prime_dim=\dimen186
\l__coffin_y_prime_dim=\dimen187
\c_empty_coffin=\box46
\l__coffin_aligned_coffin=\box47
\l__coffin_aligned_internal_coffin=\box48
\l_tmpa_coffin=\box49
\l_tmpb_coffin=\box50
\l__coffin_display_coffin=\box51
\l__coffin_display_coord_coffin=\box52
\l__coffin_display_pole_coffin=\box53
\l__coffin_display_offset_dim=\dimen188
\l__coffin_display_x_dim=\dimen189
\l__coffin_display_y_dim=\dimen190
\l__coffin_bounding_shift_dim=\dimen191
\l__coffin_left_corner_dim=\dimen192
\l__coffin_right_corner_dim=\dimen193
\l__coffin_bottom_corner_dim=\dimen194
\l__coffin_top_corner_dim=\dimen195
\l__coffin_scaled_total_height_dim=\dimen196
\l__coffin_scaled_width_dim=\dimen197
)
("C:\Users\S.S\AppData\Local\Programs\MiKTeX 2.9\tex\latex\l3kernel\l3pdfmode.d
ef"
File: l3pdfmode.def 2017/03/18 v L3 Experimental driver: PDF mode
\l__driver_color_stack_int=\count266
))
("C:\Users\S.S\AppData\Local\Programs\MiKTeX 2.9\tex\latex\l3packages\xparse\xp
arse.sty"
Package: xparse 2018/02/21 L3 Experimental document command parser
\l__xparse_current_arg_int=\count267
\g__xparse_grabber_int=\count268
\l__xparse_m_args_int=\count269
\l__xparse_mandatory_args_int=\count270
\l__xparse_v_nesting_int=\count271
)
Package: siunitx 2018-03-20 v2.7m A comprehensive (SI) units package

("C:\Users\S.S\AppData\Local\Programs\MiKTeX 2.9\tex\latex\amsmath\amstext.sty"
Package: amstext 2000/06/29 v2.01 AMS text
("C:\Users\S.S\AppData\Local\Programs\MiKTeX 2.9\tex\latex\amsmath\amsgen.sty"
File: amsgen.sty 1999/11/30 v2.0 generic functions
\@emptytoks=\toks33
\ex@=\dimen198
))
("C:\Users\S.S\AppData\Local\Programs\MiKTeX 2.9\tex\latex\l3packages\l3keys2e\
l3keys2e.sty"
Package: l3keys2e 2018/02/21 LaTeX2e option processing using LaTeX3 keys
)
\l__siunitx_tmp_box=\box54
\l__siunitx_tmp_dim=\dimen199
\l__siunitx_tmp_int=\count272
\l__siunitx_number_mantissa_length_int=\count273
\l__siunitx_number_uncert_length_int=\count274
\l__siunitx_round_int=\count275
\l__siunitx_process_decimal_int=\count276
\l__siunitx_process_uncertainty_int=\count277
\l__siunitx_process_fixed_int=\count278
\l__siunitx_process_integer_min_int=\count279
\l__siunitx_process_precision_int=\count280
\l__siunitx_group_min_int=\count281
\l__siunitx_angle_marker_box=\box55
\l__siunitx_angle_unit_box=\box56
\l__siunitx_angle_marker_dim=\dimen256
\l__siunitx_angle_unit_dim=\dimen257
\l__siunitx_unit_int=\count282
\l__siunitx_unit_denominator_int=\count283
\l__siunitx_unit_numerator_int=\count284
\l__siunitx_unit_prefix_int=\count285
\l__siunitx_unit_prefix_base_int=\count286
\l__siunitx_unit_prefix_gram_int=\count287
\l__siunitx_number_product_int=\count288
\c__siunitx_one_fill_skip=\skip51
\l__siunitx_table_unit_align_skip=\skip52
\l__siunitx_table_exponent_dim=\dimen258
\l__siunitx_table_integer_dim=\dimen259
\l__siunitx_table_mantissa_dim=\dimen260
\l__siunitx_table_marker_dim=\dimen261
\l__siunitx_table_result_dim=\dimen262
\l__siunitx_table_uncert_dim=\dimen263
\l__siunitx_table_fill_pre_dim=\dimen264
\l__siunitx_table_fill_post_dim=\dimen265
\l__siunitx_table_fill_mid_dim=\dimen266
\l__siunitx_table_pre_box=\box57
\l__siunitx_table_post_box=\box58
\l__siunitx_table_mantissa_box=\box59
\l__siunitx_table_result_box=\box60
\l__siunitx_table_number_align_skip=\skip53
\l__siunitx_table_text_align_skip=\skip54
.................................................
. LaTeX info: "xparse/define-command"
. 
. Defining command \DeclareBinaryPrefix with sig. 'mmm' on line 7244.
.................................................
.................................................
. LaTeX info: "xparse/define-command"
. 
. Defining command \DeclareSIPostPower with sig. 'mm' on line 7247.
.................................................
.................................................
. LaTeX info: "xparse/define-command"
. 
. Defining command \DeclareSIPrefix with sig. 'mmm' on line 7250.
.................................................
.................................................
. LaTeX info: "xparse/define-command"
. 
. Defining command \DeclareSIPrePower with sig. 'mm' on line 7253.
.................................................
.................................................
. LaTeX info: "xparse/define-command"
. 
. Defining command \DeclareSIQualifier with sig. 'mm' on line 7256.
.................................................
.................................................
. LaTeX info: "xparse/define-command"
. 
. Defining command \DeclareSIUnit with sig. 'O{}mm' on line 7259.
.................................................
.................................................
. LaTeX info: "xparse/define-command"
. 
. Defining command \DeclareSIUnitWithOptions with sig. 'mmm' on line 7262.
.................................................
.................................................
. LaTeX info: "xparse/define-command"
. 
. Defining command \ang with sig. 'o>{\SplitArgument {2}{;}}m' on line 7277.
.................................................
.................................................
. LaTeX info: "xparse/define-command"
. 
. Defining command \num with sig. 'om' on line 7286.
.................................................
.................................................
. LaTeX info: "xparse/define-command"
. 
. Defining command \numlist with sig. 'o>{\SplitList {;}}m' on line 7295.
.................................................
.................................................
. LaTeX info: "xparse/define-command"
. 
. Defining command \numrange with sig. 'omm' on line 7304.
.................................................
.................................................
. LaTeX info: "xparse/define-command"
. 
. Defining command \SIlist with sig. 'o>{\SplitList {;}}mm' on line 7316.
.................................................
.................................................
. LaTeX info: "xparse/define-command"
. 
. Defining command \SIrange with sig. 'ommm' on line 7328.
.................................................
.................................................
. LaTeX info: "xparse/define-command"
. 
. Defining command \SI with sig. 'omom' on line 7340.
.................................................
.................................................
. LaTeX info: "xparse/define-command"
. 
. Defining command \sisetup with sig. 'm' on line 7343.
.................................................
.................................................
. LaTeX info: "xparse/define-command"
. 
. Defining command \tablenum with sig. 'om' on line 7358.
.................................................
.................................................
. LaTeX info: "xparse/define-command"
. 
. Defining command \si with sig. 'om' on line 7370.
.................................................
.................................................
. LaTeX info: "xparse/define-command"
. 
. Defining command \numInBookmark with sig. 'om' on line 7417.
.................................................
.................................................
. LaTeX info: "xparse/define-command"
. 
. Defining command \numrangeInBookmark with sig. 'omm' on line 7419.
.................................................
.................................................
. LaTeX info: "xparse/define-command"
. 
. Defining command \SIInBookmark with sig. 'omom' on line 7421.
.................................................
.................................................
. LaTeX info: "xparse/define-command"
. 
. Defining command \SIlistInBookmark with sig. 'omm' on line 7423.
.................................................
.................................................
. LaTeX info: "xparse/define-command"
. 
. Defining command \SIrangeInBookmark with sig. 'ommm' on line 7425.
.................................................
.................................................
. LaTeX info: "xparse/define-command"
. 
. Defining command \siInBookmark with sig. 'om' on line 7426.
.................................................
\g__file_internal_ior=\read2

("C:\Users\S.S\AppData\Local\Programs\MiKTeX 2.9\tex\latex\translator\translato
r.sty"
Package: translator 2018/01/04 v1.12 Easy translation of strings in LaTeX
))
("C:\Users\S.S\AppData\Local\Programs\MiKTeX 2.9\tex\latex\psnfss\mathpazo.sty"
Package: mathpazo 2005/04/12 PSNFSS-v9.2a Palatino w/ Pazo Math (D.Puga, WaS) 
\symupright=\mathgroup4
)

LaTeX Warning: Overwriting file `./ValbewegingTable.csv'.

\openout15 = `ValbewegingTable.csv'.


LaTeX Warning: Tab has been converted to Blank Space.



LaTeX Warning: Unused global option(s):
    [•].

(v,t-grafiek.aux)
\openout1 = `v,t-grafiek.aux'.

LaTeX Font Info:    Checking defaults for OML/cmm/m/it on input line 22.
LaTeX Font Info:    ... okay on input line 22.
LaTeX Font Info:    Checking defaults for T1/cmr/m/n on input line 22.
LaTeX Font Info:    ... okay on input line 22.
LaTeX Font Info:    Checking defaults for OT1/cmr/m/n on input line 22.
LaTeX Font Info:    ... okay on input line 22.
LaTeX Font Info:    Checking defaults for OMS/cmsy/m/n on input line 22.
LaTeX Font Info:    ... okay on input line 22.
LaTeX Font Info:    Checking defaults for OMX/cmex/m/n on input line 22.
LaTeX Font Info:    ... okay on input line 22.
LaTeX Font Info:    Checking defaults for U/cmr/m/n on input line 22.
LaTeX Font Info:    ... okay on input line 22.
LaTeX Font Info:    Try loading font information for OT1+ppl on input line 22.

("C:\Users\S.S\AppData\Local\Programs\MiKTeX 2.9\tex\latex\psnfss\ot1ppl.fd"
File: ot1ppl.fd 2001/06/04 font definitions for OT1/ppl.
)
ABD: EveryShipout initializing macros
("C:\Users\S.S\AppData\Local\Programs\MiKTeX 2.9\tex\context\base\supp-pdf.mkii
"
[Loading MPS to PDF converter (version 2006.09.02).]
\scratchcounter=\count289
\scratchdimen=\dimen267
\scratchbox=\box61
\nofMPsegments=\count290
\nofMParguments=\count291
\everyMPshowfont=\toks34
\MPscratchCnt=\count292
\MPscratchDim=\dimen268
\MPnumerator=\count293
\makeMPintoPDFobject=\count294
\everyMPtoPDFconversion=\toks35
)
("C:\Users\S.S\AppData\Local\Programs\MiKTeX 2.9\tex\latex\oberdiek\epstopdf-ba
se.sty"
Package: epstopdf-base 2016/05/15 v2.6 Base part for package epstopdf

("C:\Users\S.S\AppData\Local\Programs\MiKTeX 2.9\tex\generic\oberdiek\infwarerr
.sty"
Package: infwarerr 2016/05/16 v1.4 Providing info/warning/error messages (HO)
)
("C:\Users\S.S\AppData\Local\Programs\MiKTeX 2.9\tex\latex\oberdiek\grfext.sty"
Package: grfext 2016/05/16 v1.2 Manage graphics extensions (HO)

("C:\Users\S.S\AppData\Local\Programs\MiKTeX 2.9\tex\generic\oberdiek\kvdefinek
eys.sty"
Package: kvdefinekeys 2016/05/16 v1.4 Define keys (HO)

("C:\Users\S.S\AppData\Local\Programs\MiKTeX 2.9\tex\generic\oberdiek\ltxcmds.s
ty"
Package: ltxcmds 2016/05/16 v1.23 LaTeX kernel commands for general use (HO)
)))
("C:\Users\S.S\AppData\Local\Programs\MiKTeX 2.9\tex\latex\oberdiek\kvoptions.s
ty"
Package: kvoptions 2016/05/16 v3.12 Key value format for package options (HO)

("C:\Users\S.S\AppData\Local\Programs\MiKTeX 2.9\tex\generic\oberdiek\kvsetkeys
.sty"
Package: kvsetkeys 2016/05/16 v1.17 Key value parser (HO)

("C:\Users\S.S\AppData\Local\Programs\MiKTeX 2.9\tex\generic\oberdiek\etexcmds.
sty"
Package: etexcmds 2016/05/16 v1.6 Avoid name clashes with e-TeX commands (HO)
Package etexcmds Info: Could not find \expanded.
(etexcmds)             That can mean that you are not using pdfTeX 1.50 or
(etexcmds)             that some package has redefined \expanded.
(etexcmds)             In the latter case, load this package earlier.
)))
("C:\Users\S.S\AppData\Local\Programs\MiKTeX 2.9\tex\generic\oberdiek\pdftexcmd
s.sty"
Package: pdftexcmds 2018/01/21 v0.26 Utility functions of pdfTeX for LuaTeX (HO
)
Package pdftexcmds Info: LuaTeX not detected.
Package pdftexcmds Info: \pdf@primitive is available.
Package pdftexcmds Info: \pdf@ifprimitive is available.
Package pdftexcmds Info: \pdfdraftmode found.
)
Package epstopdf-base Info: Redefining graphics rule for `.eps' on input line 4
38.
Package grfext Info: Graphics extension search list:
(grfext)             [.pdf,.png,.jpg,.mps,.jpeg,.jbig2,.jb2,.PDF,.PNG,.JPG,.JPE
G,.JBIG2,.JB2,.eps]
(grfext)             \AppendGraphicsExtensions on input line 456.
)

Package pgfplots Warning: running in backwards compatibility mode (unsuitable t
ick labels; missing features). Consider writing \pgfplotsset{compat=1.16} into 
your preamble.
 on input line 22.


("C:\Users\S.S\AppData\Local\Programs\MiKTeX 2.9\tex\latex\translator\translato
r-basic-dictionary-English.dict"
Dictionary: translator-basic-dictionary, Language: English 
)
("C:\Users\S.S\AppData\Local\Programs\MiKTeX 2.9\tex\latex\siunitx\siunitx-abbr
eviations.cfg"
File: siunitx-abbreviations.cfg 2017/11/26 v2.7k siunitx: Abbreviated units
)
\big@size=\dimen269
LaTeX Font Info:    Try loading font information for OML+zplm on input line 22.


("C:\Users\S.S\AppData\Local\Programs\MiKTeX 2.9\tex\latex\psnfss\omlzplm.fd"
File: omlzplm.fd 2002/09/08 Fontinst v1.914 font definitions for OML/zplm.
)
LaTeX Font Info:    Try loading font information for OMS+zplm on input line 22.


("C:\Users\S.S\AppData\Local\Programs\MiKTeX 2.9\tex\latex\psnfss\omszplm.fd"
File: omszplm.fd 2002/09/08 Fontinst v1.914 font definitions for OMS/zplm.
)
LaTeX Font Info:    Try loading font information for OMX+zplm on input line 22.


("C:\Users\S.S\AppData\Local\Programs\MiKTeX 2.9\tex\latex\psnfss\omxzplm.fd"
File: omxzplm.fd 2002/09/08 Fontinst v1.914 font definitions for OMX/zplm.
)
LaTeX Font Info:    Try loading font information for OT1+zplm on input line 22.


("C:\Users\S.S\AppData\Local\Programs\MiKTeX 2.9\tex\latex\psnfss\ot1zplm.fd"
File: ot1zplm.fd 2002/09/08 Fontinst v1.914 font definitions for OT1/zplm.
)
PGFPlots: reading {ValbewegingTable.csv}
\openout3 = `v,t-grafiek.pgf-plot.gnuplot'.

runsystem(gnuplot v,t-grafiek.pgf-plot.gnuplot)...executed.

PGFPlots: reading {v,t-grafiek.pgf-plot.table}

[1

{C:/Users/S.S/AppData/Local/MiKTeX/2.9/pdftex/config/pdftex.map}]
(v,t-grafiek.aux)

LaTeX Font Warning: Size substitutions with differences
(Font)              up to 2.26395pt have occurred.

 ) 
Here is how much of TeX's memory you used:
 33281 strings out of 493305
 850013 string characters out of 3130672
 968226 words of memory out of 3000000
 36382 multiletter control sequences out of 15000+200000
 549010 words of font info for 74 fonts, out of 3000000 for 9000
 1141 hyphenation exceptions out of 8191
 62i,17n,107p,10406b,2325s stack positions out of 5000i,500n,10000p,200000b,50000s
{C:/Users/S.S/AppData/Local/Programs/MiKTeX 2.9/fonts/enc/dvips/base/8r.enc}<
C:/Users/S.S/AppData/Local/Programs/MiKTeX 2.9/fonts/type1/public/amsfonts/cm/c
msy10.pfb><C:/Users/S.S/AppData/Local/Programs/MiKTeX 2.9/fonts/type1/urw/palat
ino/uplr8a.pfb><C:/Users/S.S/AppData/Local/Programs/MiKTeX 2.9/fonts/type1/urw/
palatino/uplri8a.pfb>
Output written on v,t-grafiek.pdf (1 page, 30804 bytes).
PDF statistics:
 22 PDF objects out of 1000 (max. 8388607)
 0 named destinations out of 1000 (max. 500000)
 13 words of extra memory for PDF output out of 10000 (max. 10000000)

