

*******************************************************************************
Sat Dec 30 19:27:57 2017


FIT:    data read from 'ValbewegingTable.txt' u 1:2
        format = x:z
        #datapoints = 17
        residuals are weighted equally (unit weight)

function used for fitting: f(x)
	f(x) = a**x+1.8
fitted parameters initialized with current variable values

iter      chisq       delta/lim  lambda   a             b            
   0 4.2867400000e+01  0.00e+00 2.19e-01  1.000000e+00 -1.000000e-03
BREAK: Singular matrix in Invert_RtR

*******************************************************************************
Sat Dec 30 19:28:06 2017


FIT:    data read from 'ValbewegingTable.txt' u 1:2
        format = x:z
        #datapoints = 17
        residuals are weighted equally (unit weight)

function used for fitting: f(x)
	f(x) = a**x+1.8
fitted parameters initialized with current variable values

iter      chisq       delta/lim  lambda   a             b            
   0 4.2867400000e+01  0.00e+00 2.19e-01  1.000000e+00  1.000000e+00
BREAK: Singular matrix in Invert_RtR

*******************************************************************************
Sat Dec 30 19:28:27 2017


FIT:    data read from 'ValbewegingTable.txt' u 1:2
        format = x:z
        #datapoints = 17
        residuals are weighted equally (unit weight)

function used for fitting: f(x)
	f(x) = a**x+1.8
fitted parameters initialized with current variable values

iter      chisq       delta/lim  lambda   a             b            
   0 4.2867400000e+01  0.00e+00 2.19e-01  1.000000e+00  1.000000e+00
BREAK: Singular matrix in Invert_RtR

*******************************************************************************
Sat Dec 30 19:28:55 2017


FIT:    data read from 'ValbewegingTable.txt' u 1:2
        format = x:z
        #datapoints = 17
        residuals are weighted equally (unit weight)

function used for fitting: f(x)
	f(x) = a**x+1.8
fitted parameters initialized with current variable values

iter      chisq       delta/lim  lambda   a             b            
   0 2.2064908052e+01  0.00e+00 9.12e-02  1.000000e-01  1.000000e+00
BREAK: Singular matrix in Invert_RtR

*******************************************************************************
Sat Dec 30 19:29:27 2017


FIT:    data read from 'ValbewegingTable.txt' u 1:2
        format = x:z
        #datapoints = 17
        residuals are weighted equally (unit weight)

function used for fitting: f(x)
	f(x) = a*x**2+1.8
fitted parameters initialized with current variable values

iter      chisq       delta/lim  lambda   a             b            
   0 8.3361642566e+00  0.00e+00 9.28e-03  1.000000e-01  1.000000e+00
BREAK: Singular matrix in Invert_RtR

*******************************************************************************
Sat Dec 30 19:30:11 2017


FIT:    data read from 'ValbewegingTable.txt' u 1:2
        format = x:z
        #datapoints = 17
        residuals are weighted equally (unit weight)

function used for fitting: f(x)
	f(x) = a*x**2+1.8
fitted parameters initialized with current variable values

iter      chisq       delta/lim  lambda   a             b            
   0 8.3361642566e+00  0.00e+00 9.28e-03  1.000000e-01  1.000000e+00
BREAK: Singular matrix in Invert_RtR

*******************************************************************************
Sat Dec 30 19:30:33 2017


FIT:    data read from 'ValbewegingTable.txt' u 1:2
        format = x:z
        #datapoints = 17
        residuals are weighted equally (unit weight)

function used for fitting: f(x)
	f(x) = a*x**2+1.8
fitted parameters initialized with current variable values

iter      chisq       delta/lim  lambda   a             b            
   0 8.3361642566e+00  0.00e+00 9.28e-03  1.000000e-01  1.000000e+00
BREAK: Singular matrix in Invert_RtR

*******************************************************************************
Sat Dec 30 19:32:01 2017


FIT:    data read from "ValbewegingTable.txt" u 1:2
        format = x:z
        #datapoints = 17
        residuals are weighted equally (unit weight)

function used for fitting: f(x)
	f(x) = a*x**2+1.8
fitted parameters initialized with current variable values

iter      chisq       delta/lim  lambda   a             b            
   0 8.3361642566e+00  0.00e+00 9.28e-03  1.000000e-01  1.000000e+00
BREAK: Singular matrix in Invert_RtR

*******************************************************************************
Sat Dec 30 19:33:18 2017


FIT:    data read from "ValbewegingTable.txt" u 1:2
        format = x:z
        #datapoints = 17
        residuals are weighted equally (unit weight)

function used for fitting: f(x)
	f(x) = a*x**2+1.8
fitted parameters initialized with current variable values

iter      chisq       delta/lim  lambda   a             b            
   0 8.3361642566e+00  0.00e+00 9.28e-03  1.000000e-01  1.000000e+00
BREAK: Singular matrix in Invert_RtR

*******************************************************************************
Sat Dec 30 19:35:55 2017


FIT:    data read from "ValbewegingTable.txt" u 1:2
        format = x:z
        #datapoints = 17
        residuals are weighted equally (unit weight)

function used for fitting: f(x)
	f(x) = a*x**2+1.8
fitted parameters initialized with current variable values

iter      chisq       delta/lim  lambda   a             b            
   0 8.3361642566e+00  0.00e+00 9.28e-03  1.000000e-01  1.000000e+00
BREAK: Singular matrix in Invert_RtR

*******************************************************************************
Sat Dec 30 19:36:38 2017


FIT:    data read from "ValbewegingTable.txt" u 1:2
        format = x:z
        #datapoints = 17
        residuals are weighted equally (unit weight)

function used for fitting: f(x)
	f(x) = a*x**2+1.8
fitted parameters initialized with current variable values

iter      chisq       delta/lim  lambda   a             b            
   0 8.3361642566e+00  0.00e+00 9.28e-03  1.000000e-01  1.000000e+00
BREAK: Singular matrix in Invert_RtR

*******************************************************************************
Sat Dec 30 19:37:43 2017


FIT:    data read from "ValbewegingTable.txt" u 1:2
        format = x:z
        #datapoints = 17
        residuals are weighted equally (unit weight)

function used for fitting: f(x)
	f(x) = a*x**2+1.8
fitted parameters initialized with current variable values

iter      chisq       delta/lim  lambda   a             b            
   0 8.3361642566e+00  0.00e+00 9.28e-03  1.000000e-01  1.000000e+00
BREAK: Singular matrix in Invert_RtR

*******************************************************************************
Sat Dec 30 19:39:10 2017


FIT:    data read from "ValbewegingTable.txt" u 1:2
        format = x:z
        #datapoints = 17
        residuals are weighted equally (unit weight)

function used for fitting: f(x)
	f(x) = a*x**2+1.8
fitted parameters initialized with current variable values

iter      chisq       delta/lim  lambda   a             b            
   0 8.3361642566e+00  0.00e+00 9.28e-03  1.000000e-01  1.000000e+00
BREAK: Singular matrix in Invert_RtR

*******************************************************************************
Sat Dec 30 19:41:20 2017


FIT:    data read from "ValbewegingTable.txt" u 1:2
        format = x:z
        #datapoints = 17
        residuals are weighted equally (unit weight)

function used for fitting: f(x)
	f(x) = a*x**2+1.8
fitted parameters initialized with current variable values

iter      chisq       delta/lim  lambda   a             b            
   0 8.3361642566e+00  0.00e+00 9.28e-03  1.000000e-01  1.000000e+00
BREAK: Singular matrix in Invert_RtR

*******************************************************************************
Sat Dec 30 19:42:18 2017


FIT:    data read from "ValbewegingTable.txt" u 1:2
        format = x:z
        #datapoints = 17
        residuals are weighted equally (unit weight)

function used for fitting: f(x)
	f(x) = a*x**2+1.8
fitted parameters initialized with current variable values

iter      chisq       delta/lim  lambda   a             b            
   0 8.3361642566e+00  0.00e+00 9.28e-03  1.000000e-01  1.000000e+00
BREAK: Singular matrix in Invert_RtR

*******************************************************************************
Sat Dec 30 19:42:52 2017


FIT:    data read from "ValbewegingTable.csv" u 1:2
        format = x:z
        #datapoints = 17
        residuals are weighted equally (unit weight)

function used for fitting: f(x)
	f(x) = a*x**2+1.8
fitted parameters initialized with current variable values

iter      chisq       delta/lim  lambda   a             b            
   0 8.3361642566e+00  0.00e+00 9.28e-03  1.000000e-01  1.000000e+00
BREAK: Singular matrix in Invert_RtR

*******************************************************************************
Sat Dec 30 19:44:39 2017


FIT:    data read from "ValbewegingTable.csv" u 1:2
        format = x:z
        #datapoints = 17
        residuals are weighted equally (unit weight)

function used for fitting: f(x)
	f(x) = a*x**2+1.8
fitted parameters initialized with current variable values

iter      chisq       delta/lim  lambda   a             b            
   0 8.3361642566e+00  0.00e+00 9.28e-03  1.000000e-01  1.000000e+00
BREAK: Singular matrix in Invert_RtR

*******************************************************************************
Sat Dec 30 19:44:56 2017


FIT:    data read from "ValbewegingTable.csv" u 1:2
        format = x:z
        #datapoints = 17
        residuals are weighted equally (unit weight)

function used for fitting: f(x)
	f(x) = a*x**2+1.8
fitted parameters initialized with current variable values

iter      chisq       delta/lim  lambda   a             b            
   0 8.0580129546e+00  0.00e+00 9.28e-04  1.000000e-02  1.000000e+00
BREAK: Singular matrix in Invert_RtR

*******************************************************************************
Sat Dec 30 19:45:50 2017


FIT:    data read from "ValbewegingTable.csv" u 1:2
        format = x:z
        #datapoints = 17
        residuals are weighted equally (unit weight)

function used for fitting: f(x)
	f(x) = a*x**2+1.8
fitted parameters initialized with current variable values

iter      chisq       delta/lim  lambda   a             b            
   0 1.1378513660e+01  0.00e+00 9.28e-02  1.000000e+00  1.000000e+00
BREAK: Singular matrix in Invert_RtR

*******************************************************************************
Sat Dec 30 19:45:59 2017


FIT:    data read from "ValbewegingTable.csv" u 1:2
        format = x:z
        #datapoints = 17
        residuals are weighted equally (unit weight)

function used for fitting: f(x)
	f(x) = a*x**2+1.8
fitted parameters initialized with current variable values

iter      chisq       delta/lim  lambda   a            
   0 1.1378513660e+01  0.00e+00 1.31e-01  1.000000e+00
   3 3.9566103996e-02 -3.06e-02 1.31e-04 -5.223592e+00

After 3 iterations the fit converged.
final sum of squares of residuals : 0.0395661
rel. change during last iteration : -3.057e-007

degrees of freedom    (FIT_NDF)                        : 16
rms of residuals      (FIT_STDFIT) = sqrt(WSSR/ndf)    : 0.0497281
variance of residuals (reduced chisquare) = WSSR/ndf   : 0.00247288

Final set of parameters            Asymptotic Standard Error
=======================            ==========================
a               = -5.22359         +/- 0.09191      (1.759%)


*******************************************************************************
Sat Dec 30 19:46:16 2017


FIT:    data read from "ValbewegingTable.csv" u 1:2
        format = x:z
        #datapoints = 17
        residuals are weighted equally (unit weight)

function used for fitting: f(x)
	f(x) = a*x**2+1.8
fitted parameters initialized with current variable values

iter      chisq       delta/lim  lambda   a            
   0 1.1378513660e+01  0.00e+00 1.31e-01  1.000000e+00
   3 3.9566103996e-02 -3.06e-02 1.31e-04 -5.223592e+00

After 3 iterations the fit converged.
final sum of squares of residuals : 0.0395661
rel. change during last iteration : -3.057e-007

degrees of freedom    (FIT_NDF)                        : 16
rms of residuals      (FIT_STDFIT) = sqrt(WSSR/ndf)    : 0.0497281
variance of residuals (reduced chisquare) = WSSR/ndf   : 0.00247288

Final set of parameters            Asymptotic Standard Error
=======================            ==========================
a               = -5.22359         +/- 0.09191      (1.759%)


*******************************************************************************
Sat Dec 30 19:49:06 2017


FIT:    data read from "ValbewegingTable.csv" u 1:2
        format = x:z
        #datapoints = 17
        residuals are weighted equally (unit weight)

function used for fitting: f(x)
	f(x) = a*x**2+1.8
fitted parameters initialized with current variable values

iter      chisq       delta/lim  lambda   a            
   0 1.1378513660e+01  0.00e+00 1.31e-01  1.000000e+00
   3 3.9566103996e-02 -3.06e-02 1.31e-04 -5.223592e+00

After 3 iterations the fit converged.
final sum of squares of residuals : 0.0395661
rel. change during last iteration : -3.057e-007

degrees of freedom    (FIT_NDF)                        : 16
rms of residuals      (FIT_STDFIT) = sqrt(WSSR/ndf)    : 0.0497281
variance of residuals (reduced chisquare) = WSSR/ndf   : 0.00247288

Final set of parameters            Asymptotic Standard Error
=======================            ==========================
a               = -5.22359         +/- 0.09191      (1.759%)


*******************************************************************************
Sat Dec 30 19:52:00 2017


FIT:    data read from "ValbewegingTable.csv" u 1:2
        format = x:z
        #datapoints = 17
        residuals are weighted equally (unit weight)

function used for fitting: f(x)
	f(x) = a*x**2+1.8
fitted parameters initialized with current variable values

iter      chisq       delta/lim  lambda   a            
   0 1.1378513660e+01  0.00e+00 1.31e-01  1.000000e+00
   3 3.9566103996e-02 -3.06e-02 1.31e-04 -5.223592e+00

After 3 iterations the fit converged.
final sum of squares of residuals : 0.0395661
rel. change during last iteration : -3.057e-007

degrees of freedom    (FIT_NDF)                        : 16
rms of residuals      (FIT_STDFIT) = sqrt(WSSR/ndf)    : 0.0497281
variance of residuals (reduced chisquare) = WSSR/ndf   : 0.00247288

Final set of parameters            Asymptotic Standard Error
=======================            ==========================
a               = -5.22359         +/- 0.09191      (1.759%)


*******************************************************************************
Sat Dec 30 19:52:52 2017


FIT:    data read from "ValbewegingTable.csv" u 1:2
        format = x:z
        #datapoints = 17
        residuals are weighted equally (unit weight)

function used for fitting: f(x)
	f(x) = a*x**2+1.8
fitted parameters initialized with current variable values

iter      chisq       delta/lim  lambda   a            
   0 1.1378513660e+01  0.00e+00 1.31e-01  1.000000e+00
   3 3.9566103996e-02 -3.06e-02 1.31e-04 -5.223592e+00

After 3 iterations the fit converged.
final sum of squares of residuals : 0.0395661
rel. change during last iteration : -3.057e-007

degrees of freedom    (FIT_NDF)                        : 16
rms of residuals      (FIT_STDFIT) = sqrt(WSSR/ndf)    : 0.0497281
variance of residuals (reduced chisquare) = WSSR/ndf   : 0.00247288

Final set of parameters            Asymptotic Standard Error
=======================            ==========================
a               = -5.22359         +/- 0.09191      (1.759%)


*******************************************************************************
Sat Dec 30 19:53:23 2017


FIT:    data read from "ValbewegingTable.csv" u 1:2
        format = x:z
        #datapoints = 17
        residuals are weighted equally (unit weight)

function used for fitting: f(x)
	f(x) = a*x**2+1.8
fitted parameters initialized with current variable values

iter      chisq       delta/lim  lambda   a            
   0 1.1378513660e+01  0.00e+00 1.31e-01  1.000000e+00
   3 3.9566103996e-02 -3.06e-02 1.31e-04 -5.223592e+00

After 3 iterations the fit converged.
final sum of squares of residuals : 0.0395661
rel. change during last iteration : -3.057e-007

degrees of freedom    (FIT_NDF)                        : 16
rms of residuals      (FIT_STDFIT) = sqrt(WSSR/ndf)    : 0.0497281
variance of residuals (reduced chisquare) = WSSR/ndf   : 0.00247288

Final set of parameters            Asymptotic Standard Error
=======================            ==========================
a               = -5.22359         +/- 0.09191      (1.759%)


*******************************************************************************
Sat Dec 30 19:53:49 2017


FIT:    data read from "ValbewegingTable.csv" u 1:2
        format = x:z
        #datapoints = 17
        residuals are weighted equally (unit weight)

function used for fitting: f(x)
	f(x) = a*x**2+1.8
fitted parameters initialized with current variable values

iter      chisq       delta/lim  lambda   a            
   0 1.1378513660e+01  0.00e+00 1.31e-01  1.000000e+00
   3 3.9566103996e-02 -3.06e-02 1.31e-04 -5.223592e+00

After 3 iterations the fit converged.
final sum of squares of residuals : 0.0395661
rel. change during last iteration : -3.057e-007

degrees of freedom    (FIT_NDF)                        : 16
rms of residuals      (FIT_STDFIT) = sqrt(WSSR/ndf)    : 0.0497281
variance of residuals (reduced chisquare) = WSSR/ndf   : 0.00247288

Final set of parameters            Asymptotic Standard Error
=======================            ==========================
a               = -5.22359         +/- 0.09191      (1.759%)


*******************************************************************************
Sat Dec 30 19:58:20 2017


FIT:    data read from "ValbewegingTable.csv" u 1:2
        format = x:z
        #datapoints = 17
        residuals are weighted equally (unit weight)

function used for fitting: f(x)
	f(x) = a*x**2+1.8
fitted parameters initialized with current variable values

iter      chisq       delta/lim  lambda   a            
   0 1.1378513660e+01  0.00e+00 1.31e-01  1.000000e+00
   3 3.9566103996e-02 -3.06e-02 1.31e-04 -5.223592e+00

After 3 iterations the fit converged.
final sum of squares of residuals : 0.0395661
rel. change during last iteration : -3.057e-007

degrees of freedom    (FIT_NDF)                        : 16
rms of residuals      (FIT_STDFIT) = sqrt(WSSR/ndf)    : 0.0497281
variance of residuals (reduced chisquare) = WSSR/ndf   : 0.00247288

Final set of parameters            Asymptotic Standard Error
=======================            ==========================
a               = -5.22359         +/- 0.09191      (1.759%)


*******************************************************************************
Sat Dec 30 19:59:50 2017


FIT:    data read from "ValbewegingTable.csv" u 1:2
        format = x:z
        #datapoints = 17
        residuals are weighted equally (unit weight)

function used for fitting: f(x)
	f(x) = a*x**2+1.8
fitted parameters initialized with current variable values

iter      chisq       delta/lim  lambda   a            
   0 1.1378513660e+01  0.00e+00 1.31e-01  1.000000e+00
   3 3.9566103996e-02 -3.06e-02 1.31e-04 -5.223592e+00

After 3 iterations the fit converged.
final sum of squares of residuals : 0.0395661
rel. change during last iteration : -3.057e-007

degrees of freedom    (FIT_NDF)                        : 16
rms of residuals      (FIT_STDFIT) = sqrt(WSSR/ndf)    : 0.0497281
variance of residuals (reduced chisquare) = WSSR/ndf   : 0.00247288

Final set of parameters            Asymptotic Standard Error
=======================            ==========================
a               = -5.22359         +/- 0.09191      (1.759%)


*******************************************************************************
Sat Dec 30 20:00:20 2017


FIT:    data read from "ValbewegingTable.csv" u 1:2
        format = x:z
        #datapoints = 17
        residuals are weighted equally (unit weight)

function used for fitting: f(x)
	f(x) = a*x**2+1.8
fitted parameters initialized with current variable values

iter      chisq       delta/lim  lambda   a            
   0 1.1378513660e+01  0.00e+00 1.31e-01  1.000000e+00
   3 3.9566103996e-02 -3.06e-02 1.31e-04 -5.223592e+00

After 3 iterations the fit converged.
final sum of squares of residuals : 0.0395661
rel. change during last iteration : -3.057e-007

degrees of freedom    (FIT_NDF)                        : 16
rms of residuals      (FIT_STDFIT) = sqrt(WSSR/ndf)    : 0.0497281
variance of residuals (reduced chisquare) = WSSR/ndf   : 0.00247288

Final set of parameters            Asymptotic Standard Error
=======================            ==========================
a               = -5.22359         +/- 0.09191      (1.759%)


*******************************************************************************
Sat Dec 30 20:01:18 2017


FIT:    data read from "ValbewegingTable.csv" u 1:2
        format = x:z
        #datapoints = 17
        residuals are weighted equally (unit weight)

function used for fitting: f(x)
	f(x) = a*x**2+1.8
fitted parameters initialized with current variable values

iter      chisq       delta/lim  lambda   a            
   0 1.1378513660e+01  0.00e+00 1.31e-01  1.000000e+00
   3 3.9566103996e-02 -3.06e-02 1.31e-04 -5.223592e+00

After 3 iterations the fit converged.
final sum of squares of residuals : 0.0395661
rel. change during last iteration : -3.057e-007

degrees of freedom    (FIT_NDF)                        : 16
rms of residuals      (FIT_STDFIT) = sqrt(WSSR/ndf)    : 0.0497281
variance of residuals (reduced chisquare) = WSSR/ndf   : 0.00247288

Final set of parameters            Asymptotic Standard Error
=======================            ==========================
a               = -5.22359         +/- 0.09191      (1.759%)


*******************************************************************************
Sat Dec 30 20:01:53 2017


FIT:    data read from "ValbewegingTable.csv" u 1:2
        format = x:z
        #datapoints = 17
        residuals are weighted equally (unit weight)

function used for fitting: f(x)
	f(x) = a*x**2+1.8
fitted parameters initialized with current variable values

iter      chisq       delta/lim  lambda   a            
   0 1.1378513660e+01  0.00e+00 1.31e-01  1.000000e+00
   3 3.9566103996e-02 -3.06e-02 1.31e-04 -5.223592e+00

After 3 iterations the fit converged.
final sum of squares of residuals : 0.0395661
rel. change during last iteration : -3.057e-007

degrees of freedom    (FIT_NDF)                        : 16
rms of residuals      (FIT_STDFIT) = sqrt(WSSR/ndf)    : 0.0497281
variance of residuals (reduced chisquare) = WSSR/ndf   : 0.00247288

Final set of parameters            Asymptotic Standard Error
=======================            ==========================
a               = -5.22359         +/- 0.09191      (1.759%)


*******************************************************************************
Sat Dec 30 20:04:57 2017


FIT:    data read from "ValbewegingTable.csv" u 1:2
        format = x:z
        #datapoints = 17
        residuals are weighted equally (unit weight)

function used for fitting: f(x)
	f(x) = a*x**2+1.8
fitted parameters initialized with current variable values

iter      chisq       delta/lim  lambda   a            
   0 1.1378513660e+01  0.00e+00 1.31e-01  1.000000e+00
   3 3.9566103996e-02 -3.06e-02 1.31e-04 -5.223592e+00

After 3 iterations the fit converged.
final sum of squares of residuals : 0.0395661
rel. change during last iteration : -3.057e-007

degrees of freedom    (FIT_NDF)                        : 16
rms of residuals      (FIT_STDFIT) = sqrt(WSSR/ndf)    : 0.0497281
variance of residuals (reduced chisquare) = WSSR/ndf   : 0.00247288

Final set of parameters            Asymptotic Standard Error
=======================            ==========================
a               = -5.22359         +/- 0.09191      (1.759%)


*******************************************************************************
Sat Dec 30 20:04:59 2017


FIT:    data read from "ValbewegingTable.csv" u 3:1
        format = x:z
        #datapoints = 17
        residuals are weighted equally (unit weight)

function used for fitting: f(x)
	f(x) = a*x
fitted parameters initialized with current variable values

iter      chisq       delta/lim  lambda   a            
   0 2.0843920000e+02  0.00e+00 3.20e+00  1.000000e+00
   3 7.1005856214e-02 -3.13e-01 3.20e-03 -9.480144e-02

After 3 iterations the fit converged.
final sum of squares of residuals : 0.0710059
rel. change during last iteration : -3.13028e-006

degrees of freedom    (FIT_NDF)                        : 16
rms of residuals      (FIT_STDFIT) = sqrt(WSSR/ndf)    : 0.0666173
variance of residuals (reduced chisquare) = WSSR/ndf   : 0.00443787

Final set of parameters            Asymptotic Standard Error
=======================            ==========================
a               = -0.0948014       +/- 0.005053     (5.33%)


*******************************************************************************
Sat Dec 30 20:05:36 2017


FIT:    data read from "ValbewegingTable.csv" u 1:2
        format = x:z
        #datapoints = 17
        residuals are weighted equally (unit weight)

function used for fitting: f(x)
	f(x) = a*x**2+1.8
fitted parameters initialized with current variable values

iter      chisq       delta/lim  lambda   a            
   0 1.1378513660e+01  0.00e+00 1.31e-01  1.000000e+00
   3 3.9566103996e-02 -3.06e-02 1.31e-04 -5.223592e+00

After 3 iterations the fit converged.
final sum of squares of residuals : 0.0395661
rel. change during last iteration : -3.057e-007

degrees of freedom    (FIT_NDF)                        : 16
rms of residuals      (FIT_STDFIT) = sqrt(WSSR/ndf)    : 0.0497281
variance of residuals (reduced chisquare) = WSSR/ndf   : 0.00247288

Final set of parameters            Asymptotic Standard Error
=======================            ==========================
a               = -5.22359         +/- 0.09191      (1.759%)


*******************************************************************************
Sat Dec 30 20:05:39 2017


FIT:    data read from "ValbewegingTable.csv" u 3:1
        format = x:z
        #datapoints = 17
        residuals are weighted equally (unit weight)

function used for fitting: f(x)
	f(x) = a*x
fitted parameters initialized with current variable values

iter      chisq       delta/lim  lambda   a            
   0 2.0843920000e+02  0.00e+00 3.20e+00  1.000000e+00
   3 7.1005856214e-02 -3.13e-01 3.20e-03 -9.480144e-02

After 3 iterations the fit converged.
final sum of squares of residuals : 0.0710059
rel. change during last iteration : -3.13028e-006

degrees of freedom    (FIT_NDF)                        : 16
rms of residuals      (FIT_STDFIT) = sqrt(WSSR/ndf)    : 0.0666173
variance of residuals (reduced chisquare) = WSSR/ndf   : 0.00443787

Final set of parameters            Asymptotic Standard Error
=======================            ==========================
a               = -0.0948014       +/- 0.005053     (5.33%)


*******************************************************************************
Sat Dec 30 20:09:41 2017


FIT:    data read from "ValbewegingTable.csv" u 1:2
        format = x:z
        #datapoints = 17
        residuals are weighted equally (unit weight)

function used for fitting: f(x)
	f(x) = a*x**2+1.8
fitted parameters initialized with current variable values

iter      chisq       delta/lim  lambda   a            
   0 1.1378513660e+01  0.00e+00 1.31e-01  1.000000e+00
   3 3.9566103996e-02 -3.06e-02 1.31e-04 -5.223592e+00

After 3 iterations the fit converged.
final sum of squares of residuals : 0.0395661
rel. change during last iteration : -3.057e-007

degrees of freedom    (FIT_NDF)                        : 16
rms of residuals      (FIT_STDFIT) = sqrt(WSSR/ndf)    : 0.0497281
variance of residuals (reduced chisquare) = WSSR/ndf   : 0.00247288

Final set of parameters            Asymptotic Standard Error
=======================            ==========================
a               = -5.22359         +/- 0.09191      (1.759%)


*******************************************************************************
Sat Dec 30 20:10:39 2017


FIT:    data read from "ValbewegingTable.csv" u 1:2
        format = x:z
        #datapoints = 17
        residuals are weighted equally (unit weight)

function used for fitting: f(x)
	f(x) = a*x**2+1.8
fitted parameters initialized with current variable values

iter      chisq       delta/lim  lambda   a            
   0 1.1378513660e+01  0.00e+00 1.31e-01  1.000000e+00
   3 3.9566103996e-02 -3.06e-02 1.31e-04 -5.223592e+00

After 3 iterations the fit converged.
final sum of squares of residuals : 0.0395661
rel. change during last iteration : -3.057e-007

degrees of freedom    (FIT_NDF)                        : 16
rms of residuals      (FIT_STDFIT) = sqrt(WSSR/ndf)    : 0.0497281
variance of residuals (reduced chisquare) = WSSR/ndf   : 0.00247288

Final set of parameters            Asymptotic Standard Error
=======================            ==========================
a               = -5.22359         +/- 0.09191      (1.759%)


*******************************************************************************
Sat Dec 30 20:11:03 2017


FIT:    data read from "ValbewegingTable.csv" u 1:2
        format = x:z
        #datapoints = 17
        residuals are weighted equally (unit weight)

function used for fitting: f(x)
	f(x) = a*x**2+1.8
fitted parameters initialized with current variable values

iter      chisq       delta/lim  lambda   a            
   0 1.1378513660e+01  0.00e+00 1.31e-01  1.000000e+00
   3 3.9566103996e-02 -3.06e-02 1.31e-04 -5.223592e+00

After 3 iterations the fit converged.
final sum of squares of residuals : 0.0395661
rel. change during last iteration : -3.057e-007

degrees of freedom    (FIT_NDF)                        : 16
rms of residuals      (FIT_STDFIT) = sqrt(WSSR/ndf)    : 0.0497281
variance of residuals (reduced chisquare) = WSSR/ndf   : 0.00247288

Final set of parameters            Asymptotic Standard Error
=======================            ==========================
a               = -5.22359         +/- 0.09191      (1.759%)


*******************************************************************************
Sat Dec 30 20:12:16 2017


FIT:    data read from "ValbewegingTable.csv" u 1:2
        format = x:z
        #datapoints = 17
        residuals are weighted equally (unit weight)

function used for fitting: f(x)
	f(x) = a*x**2+1.8
fitted parameters initialized with current variable values

iter      chisq       delta/lim  lambda   a            
   0 1.1378513660e+01  0.00e+00 1.31e-01  1.000000e+00
   3 3.9566103996e-02 -3.06e-02 1.31e-04 -5.223592e+00

After 3 iterations the fit converged.
final sum of squares of residuals : 0.0395661
rel. change during last iteration : -3.057e-007

degrees of freedom    (FIT_NDF)                        : 16
rms of residuals      (FIT_STDFIT) = sqrt(WSSR/ndf)    : 0.0497281
variance of residuals (reduced chisquare) = WSSR/ndf   : 0.00247288

Final set of parameters            Asymptotic Standard Error
=======================            ==========================
a               = -5.22359         +/- 0.09191      (1.759%)


*******************************************************************************
Sat Dec 30 20:13:48 2017


FIT:    data read from "ValbewegingTable.csv" u 1:2
        format = x:z
        #datapoints = 17
        residuals are weighted equally (unit weight)

function used for fitting: f(x)
	f(x) = a*x**2+1.8
fitted parameters initialized with current variable values

iter      chisq       delta/lim  lambda   a            
   0 1.1378513660e+01  0.00e+00 1.31e-01  1.000000e+00
   3 3.9566103996e-02 -3.06e-02 1.31e-04 -5.223592e+00

After 3 iterations the fit converged.
final sum of squares of residuals : 0.0395661
rel. change during last iteration : -3.057e-007

degrees of freedom    (FIT_NDF)                        : 16
rms of residuals      (FIT_STDFIT) = sqrt(WSSR/ndf)    : 0.0497281
variance of residuals (reduced chisquare) = WSSR/ndf   : 0.00247288

Final set of parameters            Asymptotic Standard Error
=======================            ==========================
a               = -5.22359         +/- 0.09191      (1.759%)


*******************************************************************************
Sat Dec 30 20:13:50 2017


FIT:    data read from "ValbewegingTable.csv" u 3:1
        format = x:z
        #datapoints = 17
        residuals are weighted equally (unit weight)

function used for fitting: f(x)
	f(x) = a*x
fitted parameters initialized with current variable values

iter      chisq       delta/lim  lambda   a            
   0 2.0843920000e+02  0.00e+00 3.20e+00  1.000000e+00
   3 7.1005856214e-02 -3.13e-01 3.20e-03 -9.480144e-02

After 3 iterations the fit converged.
final sum of squares of residuals : 0.0710059
rel. change during last iteration : -3.13028e-006

degrees of freedom    (FIT_NDF)                        : 16
rms of residuals      (FIT_STDFIT) = sqrt(WSSR/ndf)    : 0.0666173
variance of residuals (reduced chisquare) = WSSR/ndf   : 0.00443787

Final set of parameters            Asymptotic Standard Error
=======================            ==========================
a               = -0.0948014       +/- 0.005053     (5.33%)


*******************************************************************************
Sat Dec 30 20:14:07 2017


FIT:    data read from "ValbewegingTable.csv" u 1:2
        format = x:z
        #datapoints = 17
        residuals are weighted equally (unit weight)

function used for fitting: f(x)
	f(x) = a*x**2+1.8
fitted parameters initialized with current variable values

iter      chisq       delta/lim  lambda   a            
   0 1.1378513660e+01  0.00e+00 1.31e-01  1.000000e+00
   3 3.9566103996e-02 -3.06e-02 1.31e-04 -5.223592e+00

After 3 iterations the fit converged.
final sum of squares of residuals : 0.0395661
rel. change during last iteration : -3.057e-007

degrees of freedom    (FIT_NDF)                        : 16
rms of residuals      (FIT_STDFIT) = sqrt(WSSR/ndf)    : 0.0497281
variance of residuals (reduced chisquare) = WSSR/ndf   : 0.00247288

Final set of parameters            Asymptotic Standard Error
=======================            ==========================
a               = -5.22359         +/- 0.09191      (1.759%)


*******************************************************************************
Sat Dec 30 20:14:09 2017


FIT:    data read from "ValbewegingTable.csv" u 3:1
        format = x:z
        #datapoints = 17
        residuals are weighted equally (unit weight)

function used for fitting: f(x)
	f(x) = a*x
fitted parameters initialized with current variable values

iter      chisq       delta/lim  lambda   a            
   0 2.0843920000e+02  0.00e+00 3.20e+00  1.000000e+00
   3 7.1005856214e-02 -3.13e-01 3.20e-03 -9.480144e-02

After 3 iterations the fit converged.
final sum of squares of residuals : 0.0710059
rel. change during last iteration : -3.13028e-006

degrees of freedom    (FIT_NDF)                        : 16
rms of residuals      (FIT_STDFIT) = sqrt(WSSR/ndf)    : 0.0666173
variance of residuals (reduced chisquare) = WSSR/ndf   : 0.00443787

Final set of parameters            Asymptotic Standard Error
=======================            ==========================
a               = -0.0948014       +/- 0.005053     (5.33%)


*******************************************************************************
Sat Dec 30 20:15:50 2017


FIT:    data read from "ValbewegingTable.csv" u 1:2
        format = x:z
        #datapoints = 17
        residuals are weighted equally (unit weight)

function used for fitting: f(x)
	f(x) = a*x**2+1.8
fitted parameters initialized with current variable values

iter      chisq       delta/lim  lambda   a            
   0 1.1378513660e+01  0.00e+00 1.31e-01  1.000000e+00
   3 3.9566103996e-02 -3.06e-02 1.31e-04 -5.223592e+00

After 3 iterations the fit converged.
final sum of squares of residuals : 0.0395661
rel. change during last iteration : -3.057e-007

degrees of freedom    (FIT_NDF)                        : 16
rms of residuals      (FIT_STDFIT) = sqrt(WSSR/ndf)    : 0.0497281
variance of residuals (reduced chisquare) = WSSR/ndf   : 0.00247288

Final set of parameters            Asymptotic Standard Error
=======================            ==========================
a               = -5.22359         +/- 0.09191      (1.759%)


*******************************************************************************
Sat Dec 30 20:15:52 2017


FIT:    data read from "ValbewegingTable.csv" u 3:1
        format = x:z
        #datapoints = 17
        residuals are weighted equally (unit weight)

function used for fitting: f(x)
	f(x) = a*x
fitted parameters initialized with current variable values

iter      chisq       delta/lim  lambda   a            
   0 2.0843920000e+02  0.00e+00 3.20e+00  1.000000e+00
   3 7.1005856214e-02 -3.13e-01 3.20e-03 -9.480144e-02

After 3 iterations the fit converged.
final sum of squares of residuals : 0.0710059
rel. change during last iteration : -3.13028e-006

degrees of freedom    (FIT_NDF)                        : 16
rms of residuals      (FIT_STDFIT) = sqrt(WSSR/ndf)    : 0.0666173
variance of residuals (reduced chisquare) = WSSR/ndf   : 0.00443787

Final set of parameters            Asymptotic Standard Error
=======================            ==========================
a               = -0.0948014       +/- 0.005053     (5.33%)


*******************************************************************************
Sat Dec 30 20:16:15 2017


FIT:    data read from "ValbewegingTable.csv" u 1:2
        format = x:z
        #datapoints = 17
        residuals are weighted equally (unit weight)

function used for fitting: f(x)
	f(x) = a*x**2+1.8
fitted parameters initialized with current variable values

iter      chisq       delta/lim  lambda   a            
   0 1.1378513660e+01  0.00e+00 1.31e-01  1.000000e+00
   3 3.9566103996e-02 -3.06e-02 1.31e-04 -5.223592e+00

After 3 iterations the fit converged.
final sum of squares of residuals : 0.0395661
rel. change during last iteration : -3.057e-007

degrees of freedom    (FIT_NDF)                        : 16
rms of residuals      (FIT_STDFIT) = sqrt(WSSR/ndf)    : 0.0497281
variance of residuals (reduced chisquare) = WSSR/ndf   : 0.00247288

Final set of parameters            Asymptotic Standard Error
=======================            ==========================
a               = -5.22359         +/- 0.09191      (1.759%)


*******************************************************************************
Sat Dec 30 20:16:17 2017


FIT:    data read from "ValbewegingTable.csv" u 3:1
        format = x:z
        #datapoints = 17
        residuals are weighted equally (unit weight)

function used for fitting: f(x)
	f(x) = a*x
fitted parameters initialized with current variable values

iter      chisq       delta/lim  lambda   a            
   0 2.0843920000e+02  0.00e+00 3.20e+00  1.000000e+00
   3 7.1005856214e-02 -3.13e-01 3.20e-03 -9.480144e-02

After 3 iterations the fit converged.
final sum of squares of residuals : 0.0710059
rel. change during last iteration : -3.13028e-006

degrees of freedom    (FIT_NDF)                        : 16
rms of residuals      (FIT_STDFIT) = sqrt(WSSR/ndf)    : 0.0666173
variance of residuals (reduced chisquare) = WSSR/ndf   : 0.00443787

Final set of parameters            Asymptotic Standard Error
=======================            ==========================
a               = -0.0948014       +/- 0.005053     (5.33%)


*******************************************************************************
Sat Dec 30 20:16:38 2017


FIT:    data read from "ValbewegingTable.csv" u 1:2
        format = x:z
        #datapoints = 17
        residuals are weighted equally (unit weight)

function used for fitting: f(x)
	f(x) = a*x**2+1.8
fitted parameters initialized with current variable values

iter      chisq       delta/lim  lambda   a            
   0 1.1378513660e+01  0.00e+00 1.31e-01  1.000000e+00
   3 3.9566103996e-02 -3.06e-02 1.31e-04 -5.223592e+00

After 3 iterations the fit converged.
final sum of squares of residuals : 0.0395661
rel. change during last iteration : -3.057e-007

degrees of freedom    (FIT_NDF)                        : 16
rms of residuals      (FIT_STDFIT) = sqrt(WSSR/ndf)    : 0.0497281
variance of residuals (reduced chisquare) = WSSR/ndf   : 0.00247288

Final set of parameters            Asymptotic Standard Error
=======================            ==========================
a               = -5.22359         +/- 0.09191      (1.759%)


*******************************************************************************
Sat Dec 30 20:16:40 2017


FIT:    data read from "ValbewegingTable.csv" u 3:1
        format = x:z
        #datapoints = 17
        residuals are weighted equally (unit weight)

function used for fitting: f(x)
	f(x) = a*x
fitted parameters initialized with current variable values

iter      chisq       delta/lim  lambda   a            
   0 2.0843920000e+02  0.00e+00 3.20e+00  1.000000e+00
   3 7.1005856214e-02 -3.13e-01 3.20e-03 -9.480144e-02

After 3 iterations the fit converged.
final sum of squares of residuals : 0.0710059
rel. change during last iteration : -3.13028e-006

degrees of freedom    (FIT_NDF)                        : 16
rms of residuals      (FIT_STDFIT) = sqrt(WSSR/ndf)    : 0.0666173
variance of residuals (reduced chisquare) = WSSR/ndf   : 0.00443787

Final set of parameters            Asymptotic Standard Error
=======================            ==========================
a               = -0.0948014       +/- 0.005053     (5.33%)


*******************************************************************************
Sat Dec 30 20:23:42 2017


FIT:    data read from "ValbewegingTable1.txt" u 1:3
        format = x:z
        #datapoints = 17
        residuals are weighted equally (unit weight)

function used for fitting: f(x)
	f(x)=a*x
fitted parameters initialized with current variable values

iter      chisq       delta/lim  lambda   a            
   0 2.0843920000e+02  0.00e+00 3.10e-01  1.000000e+00
   3 7.5572244827e+00 -2.84e-03 3.10e-04 -1.008981e+01

After 3 iterations the fit converged.
final sum of squares of residuals : 7.55722
rel. change during last iteration : -2.83547e-008

degrees of freedom    (FIT_NDF)                        : 16
rms of residuals      (FIT_STDFIT) = sqrt(WSSR/ndf)    : 0.68726
variance of residuals (reduced chisquare) = WSSR/ndf   : 0.472327

Final set of parameters            Asymptotic Standard Error
=======================            ==========================
a               = -10.0898         +/- 0.5377       (5.33%)


*******************************************************************************
Sat Dec 30 20:27:34 2017


FIT:    data read from "ValbewegingTable.csv" u 1:2
        format = x:z
        #datapoints = 17
        residuals are weighted equally (unit weight)

function used for fitting: f(x)
	f(x) = a*x**2+1.8
fitted parameters initialized with current variable values

iter      chisq       delta/lim  lambda   a            
   0 1.1378513660e+01  0.00e+00 1.31e-01  1.000000e+00
   3 3.9566103996e-02 -3.06e-02 1.31e-04 -5.223592e+00

After 3 iterations the fit converged.
final sum of squares of residuals : 0.0395661
rel. change during last iteration : -3.057e-007

degrees of freedom    (FIT_NDF)                        : 16
rms of residuals      (FIT_STDFIT) = sqrt(WSSR/ndf)    : 0.0497281
variance of residuals (reduced chisquare) = WSSR/ndf   : 0.00247288

Final set of parameters            Asymptotic Standard Error
=======================            ==========================
a               = -5.22359         +/- 0.09191      (1.759%)


*******************************************************************************
Sat Dec 30 20:27:37 2017


FIT:    data read from "ValbewegingTable.csv" u 3:1
        format = x:z
        #datapoints = 17
        residuals are weighted equally (unit weight)

function used for fitting: f(x)
	f(x) = a*x
fitted parameters initialized with current variable values

iter      chisq       delta/lim  lambda   a            
   0 2.0843920000e+02  0.00e+00 3.20e+00  1.000000e+00
   3 7.1005856214e-02 -3.13e-01 3.20e-03 -9.480144e-02

After 3 iterations the fit converged.
final sum of squares of residuals : 0.0710059
rel. change during last iteration : -3.13028e-006

degrees of freedom    (FIT_NDF)                        : 16
rms of residuals      (FIT_STDFIT) = sqrt(WSSR/ndf)    : 0.0666173
variance of residuals (reduced chisquare) = WSSR/ndf   : 0.00443787

Final set of parameters            Asymptotic Standard Error
=======================            ==========================
a               = -0.0948014       +/- 0.005053     (5.33%)


*******************************************************************************
Sat Dec 30 20:28:07 2017


FIT:    data read from "ValbewegingTable.csv" u 1:3
        format = x:z
        #datapoints = 17
        residuals are weighted equally (unit weight)

function used for fitting: f(x)
	f(x) = a*x**2+1.8
fitted parameters initialized with current variable values

iter      chisq       delta/lim  lambda   a            
   0 4.1233120366e+02  0.00e+00 1.31e-01  1.000000e+00
   3 6.9248517700e+01 -5.28e-04 1.31e-04 -3.323373e+01

After 3 iterations the fit converged.
final sum of squares of residuals : 69.2485
rel. change during last iteration : -5.28487e-009

degrees of freedom    (FIT_NDF)                        : 16
rms of residuals      (FIT_STDFIT) = sqrt(WSSR/ndf)    : 2.08039
variance of residuals (reduced chisquare) = WSSR/ndf   : 4.32803

Final set of parameters            Asymptotic Standard Error
=======================            ==========================
a               = -33.2337         +/- 3.845        (11.57%)


*******************************************************************************
Sat Dec 30 20:28:10 2017


FIT:    data read from "ValbewegingTable.csv" u 3:1
        format = x:z
        #datapoints = 17
        residuals are weighted equally (unit weight)

function used for fitting: f(x)
	f(x) = a*x
fitted parameters initialized with current variable values

iter      chisq       delta/lim  lambda   a            
   0 2.0843920000e+02  0.00e+00 3.20e+00  1.000000e+00
   3 7.1005856214e-02 -3.13e-01 3.20e-03 -9.480144e-02

After 3 iterations the fit converged.
final sum of squares of residuals : 0.0710059
rel. change during last iteration : -3.13028e-006

degrees of freedom    (FIT_NDF)                        : 16
rms of residuals      (FIT_STDFIT) = sqrt(WSSR/ndf)    : 0.0666173
variance of residuals (reduced chisquare) = WSSR/ndf   : 0.00443787

Final set of parameters            Asymptotic Standard Error
=======================            ==========================
a               = -0.0948014       +/- 0.005053     (5.33%)


*******************************************************************************
Sat Dec 30 20:29:13 2017


FIT:    data read from "ValbewegingTable.csv" u 1:2
        format = x:z
        #datapoints = 17
        residuals are weighted equally (unit weight)

function used for fitting: f(x)
	f(x) = a*x**2+1.8
fitted parameters initialized with current variable values

iter      chisq       delta/lim  lambda   a            
   0 1.1378513660e+01  0.00e+00 1.31e-01  1.000000e+00
   3 3.9566103996e-02 -3.06e-02 1.31e-04 -5.223592e+00

After 3 iterations the fit converged.
final sum of squares of residuals : 0.0395661
rel. change during last iteration : -3.057e-007

degrees of freedom    (FIT_NDF)                        : 16
rms of residuals      (FIT_STDFIT) = sqrt(WSSR/ndf)    : 0.0497281
variance of residuals (reduced chisquare) = WSSR/ndf   : 0.00247288

Final set of parameters            Asymptotic Standard Error
=======================            ==========================
a               = -5.22359         +/- 0.09191      (1.759%)


*******************************************************************************
Sat Dec 30 20:29:15 2017


FIT:    data read from "ValbewegingTable.csv" u 1:3
        format = x:z
        #datapoints = 17
        residuals are weighted equally (unit weight)

function used for fitting: f(x)
	f(x) = a*x
fitted parameters initialized with current variable values

iter      chisq       delta/lim  lambda   a            
   0 2.0843920000e+02  0.00e+00 3.10e-01  1.000000e+00
   3 7.5572244827e+00 -2.84e-03 3.10e-04 -1.008981e+01

After 3 iterations the fit converged.
final sum of squares of residuals : 7.55722
rel. change during last iteration : -2.83547e-008

degrees of freedom    (FIT_NDF)                        : 16
rms of residuals      (FIT_STDFIT) = sqrt(WSSR/ndf)    : 0.68726
variance of residuals (reduced chisquare) = WSSR/ndf   : 0.472327

Final set of parameters            Asymptotic Standard Error
=======================            ==========================
a               = -10.0898         +/- 0.5377       (5.33%)


*******************************************************************************
Sat Dec 30 20:31:23 2017


FIT:    data read from "ValbewegingTable.csv" u 1:2
        format = x:z
        #datapoints = 17
        residuals are weighted equally (unit weight)

function used for fitting: f(x)
	f(x) = a*x**2+1.8
fitted parameters initialized with current variable values

iter      chisq       delta/lim  lambda   a            
   0 1.1378513660e+01  0.00e+00 1.31e-01  1.000000e+00
   3 3.9566103996e-02 -3.06e-02 1.31e-04 -5.223592e+00

After 3 iterations the fit converged.
final sum of squares of residuals : 0.0395661
rel. change during last iteration : -3.057e-007

degrees of freedom    (FIT_NDF)                        : 16
rms of residuals      (FIT_STDFIT) = sqrt(WSSR/ndf)    : 0.0497281
variance of residuals (reduced chisquare) = WSSR/ndf   : 0.00247288

Final set of parameters            Asymptotic Standard Error
=======================            ==========================
a               = -5.22359         +/- 0.09191      (1.759%)


*******************************************************************************
Sat Dec 30 20:31:25 2017


FIT:    data read from "ValbewegingTable.csv" u 1:3
        format = x:z
        #datapoints = 17
        residuals are weighted equally (unit weight)

function used for fitting: f(x)
	f(x) = a*x
fitted parameters initialized with current variable values

iter      chisq       delta/lim  lambda   a            
   0 2.0843920000e+02  0.00e+00 3.10e-01  1.000000e+00
   3 7.5572244827e+00 -2.84e-03 3.10e-04 -1.008981e+01

After 3 iterations the fit converged.
final sum of squares of residuals : 7.55722
rel. change during last iteration : -2.83547e-008

degrees of freedom    (FIT_NDF)                        : 16
rms of residuals      (FIT_STDFIT) = sqrt(WSSR/ndf)    : 0.68726
variance of residuals (reduced chisquare) = WSSR/ndf   : 0.472327

Final set of parameters            Asymptotic Standard Error
=======================            ==========================
a               = -10.0898         +/- 0.5377       (5.33%)


*******************************************************************************
Sat Dec 30 20:32:10 2017


FIT:    data read from "ValbewegingTable.csv" u 1:2
        format = x:z
        #datapoints = 17
        residuals are weighted equally (unit weight)

function used for fitting: f(x)
	f(x) = a*x**2+1.8
fitted parameters initialized with current variable values

iter      chisq       delta/lim  lambda   a            
   0 1.1378513660e+01  0.00e+00 1.31e-01  1.000000e+00
   3 3.9566103996e-02 -3.06e-02 1.31e-04 -5.223592e+00

After 3 iterations the fit converged.
final sum of squares of residuals : 0.0395661
rel. change during last iteration : -3.057e-007

degrees of freedom    (FIT_NDF)                        : 16
rms of residuals      (FIT_STDFIT) = sqrt(WSSR/ndf)    : 0.0497281
variance of residuals (reduced chisquare) = WSSR/ndf   : 0.00247288

Final set of parameters            Asymptotic Standard Error
=======================            ==========================
a               = -5.22359         +/- 0.09191      (1.759%)


*******************************************************************************
Sat Dec 30 20:32:12 2017


FIT:    data read from "ValbewegingTable.csv" u 1:3
        format = x:z
        #datapoints = 17
        residuals are weighted equally (unit weight)

function used for fitting: f(x)
	f(x) = a*x
fitted parameters initialized with current variable values

iter      chisq       delta/lim  lambda   a            
   0 2.0843920000e+02  0.00e+00 3.10e-01  1.000000e+00
   3 7.5572244827e+00 -2.84e-03 3.10e-04 -1.008981e+01

After 3 iterations the fit converged.
final sum of squares of residuals : 7.55722
rel. change during last iteration : -2.83547e-008

degrees of freedom    (FIT_NDF)                        : 16
rms of residuals      (FIT_STDFIT) = sqrt(WSSR/ndf)    : 0.68726
variance of residuals (reduced chisquare) = WSSR/ndf   : 0.472327

Final set of parameters            Asymptotic Standard Error
=======================            ==========================
a               = -10.0898         +/- 0.5377       (5.33%)


*******************************************************************************
Tue Jan 02 10:25:52 2018


FIT:    data read from "ValbewegingTable.csv" u 1:2
        format = x:z
        #datapoints = 17
        residuals are weighted equally (unit weight)

function used for fitting: f(x)
	f(x) = a*x**2+1.8
fitted parameters initialized with current variable values

iter      chisq       delta/lim  lambda   a            
   0 1.1378513660e+01  0.00e+00 1.31e-01  1.000000e+00
   3 3.9566103996e-02 -3.06e-02 1.31e-04 -5.223592e+00

After 3 iterations the fit converged.
final sum of squares of residuals : 0.0395661
rel. change during last iteration : -3.057e-007

degrees of freedom    (FIT_NDF)                        : 16
rms of residuals      (FIT_STDFIT) = sqrt(WSSR/ndf)    : 0.0497281
variance of residuals (reduced chisquare) = WSSR/ndf   : 0.00247288

Final set of parameters            Asymptotic Standard Error
=======================            ==========================
a               = -5.22359         +/- 0.09191      (1.759%)


*******************************************************************************
Tue Jan 02 10:25:55 2018


FIT:    data read from "ValbewegingTable.csv" u 1:3
        format = x:z
        #datapoints = 17
        residuals are weighted equally (unit weight)

function used for fitting: f(x)
	f(x) = a*x
fitted parameters initialized with current variable values

iter      chisq       delta/lim  lambda   a            
   0 2.0843920000e+02  0.00e+00 3.10e-01  1.000000e+00
   3 7.5572244827e+00 -2.84e-03 3.10e-04 -1.008981e+01

After 3 iterations the fit converged.
final sum of squares of residuals : 7.55722
rel. change during last iteration : -2.83547e-008

degrees of freedom    (FIT_NDF)                        : 16
rms of residuals      (FIT_STDFIT) = sqrt(WSSR/ndf)    : 0.68726
variance of residuals (reduced chisquare) = WSSR/ndf   : 0.472327

Final set of parameters            Asymptotic Standard Error
=======================            ==========================
a               = -10.0898         +/- 0.5377       (5.33%)


*******************************************************************************
Thu Jan 04 21:57:07 2018


FIT:    data read from "ValbewegingTable.csv" u 1:2
        format = x:z
        #datapoints = 17
        residuals are weighted equally (unit weight)

function used for fitting: f(x)
	f(x) = a*x**2+1.8
fitted parameters initialized with current variable values

iter      chisq       delta/lim  lambda   a            
   0 1.1378513660e+01  0.00e+00 1.31e-01  1.000000e+00
   3 3.9566103996e-02 -3.06e-02 1.31e-04 -5.223592e+00

After 3 iterations the fit converged.
final sum of squares of residuals : 0.0395661
rel. change during last iteration : -3.057e-007

degrees of freedom    (FIT_NDF)                        : 16
rms of residuals      (FIT_STDFIT) = sqrt(WSSR/ndf)    : 0.0497281
variance of residuals (reduced chisquare) = WSSR/ndf   : 0.00247288

Final set of parameters            Asymptotic Standard Error
=======================            ==========================
a               = -5.22359         +/- 0.09191      (1.759%)


*******************************************************************************
Thu Jan 04 21:57:10 2018


FIT:    data read from "ValbewegingTable.csv" u 1:3
        format = x:z
        #datapoints = 17
        residuals are weighted equally (unit weight)

function used for fitting: f(x)
	f(x) = a*x
fitted parameters initialized with current variable values

iter      chisq       delta/lim  lambda   a            
   0 2.0843920000e+02  0.00e+00 3.10e-01  1.000000e+00
   3 7.5572244827e+00 -2.84e-03 3.10e-04 -1.008981e+01

After 3 iterations the fit converged.
final sum of squares of residuals : 7.55722
rel. change during last iteration : -2.83547e-008

degrees of freedom    (FIT_NDF)                        : 16
rms of residuals      (FIT_STDFIT) = sqrt(WSSR/ndf)    : 0.68726
variance of residuals (reduced chisquare) = WSSR/ndf   : 0.472327

Final set of parameters            Asymptotic Standard Error
=======================            ==========================
a               = -10.0898         +/- 0.5377       (5.33%)


*******************************************************************************
Thu Jan 04 21:57:46 2018


FIT:    data read from "ValbewegingTable.csv" u 1:2
        format = x:z
        #datapoints = 17
        residuals are weighted equally (unit weight)

function used for fitting: f(x)
	f(x) = a*x**2+1.8
fitted parameters initialized with current variable values

iter      chisq       delta/lim  lambda   a            
   0 1.1378513660e+01  0.00e+00 1.31e-01  1.000000e+00
   3 3.9566103996e-02 -3.06e-02 1.31e-04 -5.223592e+00

After 3 iterations the fit converged.
final sum of squares of residuals : 0.0395661
rel. change during last iteration : -3.057e-007

degrees of freedom    (FIT_NDF)                        : 16
rms of residuals      (FIT_STDFIT) = sqrt(WSSR/ndf)    : 0.0497281
variance of residuals (reduced chisquare) = WSSR/ndf   : 0.00247288

Final set of parameters            Asymptotic Standard Error
=======================            ==========================
a               = -5.22359         +/- 0.09191      (1.759%)


*******************************************************************************
Thu Jan 04 21:57:49 2018


FIT:    data read from "ValbewegingTable.csv" u 1:3
        format = x:z
        #datapoints = 17
        residuals are weighted equally (unit weight)

function used for fitting: f(x)
	f(x) = a*x
fitted parameters initialized with current variable values

iter      chisq       delta/lim  lambda   a            
   0 2.0843920000e+02  0.00e+00 3.10e-01  1.000000e+00
   3 7.5572244827e+00 -2.84e-03 3.10e-04 -1.008981e+01

After 3 iterations the fit converged.
final sum of squares of residuals : 7.55722
rel. change during last iteration : -2.83547e-008

degrees of freedom    (FIT_NDF)                        : 16
rms of residuals      (FIT_STDFIT) = sqrt(WSSR/ndf)    : 0.68726
variance of residuals (reduced chisquare) = WSSR/ndf   : 0.472327

Final set of parameters            Asymptotic Standard Error
=======================            ==========================
a               = -10.0898         +/- 0.5377       (5.33%)


*******************************************************************************
Thu Jan 04 22:13:01 2018


FIT:    data read from "ValbewegingTable.csv" u 1:2
        format = x:z
        #datapoints = 17
        residuals are weighted equally (unit weight)

function used for fitting: f(x)
	f(x) = a*x**2+1.8
fitted parameters initialized with current variable values

iter      chisq       delta/lim  lambda   a            
   0 1.1378513660e+01  0.00e+00 1.31e-01  1.000000e+00
   3 3.9566103996e-02 -3.06e-02 1.31e-04 -5.223592e+00

After 3 iterations the fit converged.
final sum of squares of residuals : 0.0395661
rel. change during last iteration : -3.057e-007

degrees of freedom    (FIT_NDF)                        : 16
rms of residuals      (FIT_STDFIT) = sqrt(WSSR/ndf)    : 0.0497281
variance of residuals (reduced chisquare) = WSSR/ndf   : 0.00247288

Final set of parameters            Asymptotic Standard Error
=======================            ==========================
a               = -5.22359         +/- 0.09191      (1.759%)


*******************************************************************************
Thu Jan 04 22:13:04 2018


FIT:    data read from "ValbewegingTable.csv" u 1:3
        format = x:z
        #datapoints = 17
        residuals are weighted equally (unit weight)

function used for fitting: f(x)
	f(x) = a*x
fitted parameters initialized with current variable values

iter      chisq       delta/lim  lambda   a            
   0 2.0843920000e+02  0.00e+00 3.10e-01  1.000000e+00
   3 7.5572244827e+00 -2.84e-03 3.10e-04 -1.008981e+01

After 3 iterations the fit converged.
final sum of squares of residuals : 7.55722
rel. change during last iteration : -2.83547e-008

degrees of freedom    (FIT_NDF)                        : 16
rms of residuals      (FIT_STDFIT) = sqrt(WSSR/ndf)    : 0.68726
variance of residuals (reduced chisquare) = WSSR/ndf   : 0.472327

Final set of parameters            Asymptotic Standard Error
=======================            ==========================
a               = -10.0898         +/- 0.5377       (5.33%)


*******************************************************************************
Thu Jan 04 22:15:29 2018


FIT:    data read from "ValbewegingTable.csv" u 1:2
        format = x:z
        #datapoints = 17
        residuals are weighted equally (unit weight)

function used for fitting: f(x)
	f(x) = a*x**2+1.8
fitted parameters initialized with current variable values

iter      chisq       delta/lim  lambda   a            
   0 1.1378513660e+01  0.00e+00 1.31e-01  1.000000e+00
   3 3.9566103996e-02 -3.06e-02 1.31e-04 -5.223592e+00

After 3 iterations the fit converged.
final sum of squares of residuals : 0.0395661
rel. change during last iteration : -3.057e-007

degrees of freedom    (FIT_NDF)                        : 16
rms of residuals      (FIT_STDFIT) = sqrt(WSSR/ndf)    : 0.0497281
variance of residuals (reduced chisquare) = WSSR/ndf   : 0.00247288

Final set of parameters            Asymptotic Standard Error
=======================            ==========================
a               = -5.22359         +/- 0.09191      (1.759%)


*******************************************************************************
Thu Jan 04 22:15:32 2018


FIT:    data read from "ValbewegingTable.csv" u 1:3
        format = x:z
        #datapoints = 17
        residuals are weighted equally (unit weight)

function used for fitting: f(x)
	f(x) = a*x
fitted parameters initialized with current variable values

iter      chisq       delta/lim  lambda   a            
   0 2.0843920000e+02  0.00e+00 3.10e-01  1.000000e+00
   3 7.5572244827e+00 -2.84e-03 3.10e-04 -1.008981e+01

After 3 iterations the fit converged.
final sum of squares of residuals : 7.55722
rel. change during last iteration : -2.83547e-008

degrees of freedom    (FIT_NDF)                        : 16
rms of residuals      (FIT_STDFIT) = sqrt(WSSR/ndf)    : 0.68726
variance of residuals (reduced chisquare) = WSSR/ndf   : 0.472327

Final set of parameters            Asymptotic Standard Error
=======================            ==========================
a               = -10.0898         +/- 0.5377       (5.33%)


*******************************************************************************
Thu Jan 04 22:25:33 2018


FIT:    data read from "ValbewegingTable.csv" u 1:2
        format = x:z
        #datapoints = 17
        residuals are weighted equally (unit weight)

function used for fitting: f(x)
	f(x) = a*x**2+1.8
fitted parameters initialized with current variable values

iter      chisq       delta/lim  lambda   a            
   0 1.1378513660e+01  0.00e+00 1.31e-01  1.000000e+00
   3 3.9566103996e-02 -3.06e-02 1.31e-04 -5.223592e+00

After 3 iterations the fit converged.
final sum of squares of residuals : 0.0395661
rel. change during last iteration : -3.057e-007

degrees of freedom    (FIT_NDF)                        : 16
rms of residuals      (FIT_STDFIT) = sqrt(WSSR/ndf)    : 0.0497281
variance of residuals (reduced chisquare) = WSSR/ndf   : 0.00247288

Final set of parameters            Asymptotic Standard Error
=======================            ==========================
a               = -5.22359         +/- 0.09191      (1.759%)


*******************************************************************************
Fri Jan 05 12:34:33 2018


FIT:    data read from "ValbewegingTable.csv" u 1:2
        format = x:z
        #datapoints = 17
        residuals are weighted equally (unit weight)

function used for fitting: f(x)
	f(x) = a*x**2+1.8
fitted parameters initialized with current variable values

iter      chisq       delta/lim  lambda   a            
   0 1.1378513660e+01  0.00e+00 1.31e-01  1.000000e+00
   3 3.9566103996e-02 -3.06e-02 1.31e-04 -5.223592e+00

After 3 iterations the fit converged.
final sum of squares of residuals : 0.0395661
rel. change during last iteration : -3.057e-007

degrees of freedom    (FIT_NDF)                        : 16
rms of residuals      (FIT_STDFIT) = sqrt(WSSR/ndf)    : 0.0497281
variance of residuals (reduced chisquare) = WSSR/ndf   : 0.00247288

Final set of parameters            Asymptotic Standard Error
=======================            ==========================
a               = -5.22359         +/- 0.09191      (1.759%)


*******************************************************************************
Fri Jan 05 12:35:51 2018


FIT:    data read from "ValbewegingTable.csv" u 1:2
        format = x:z
        #datapoints = 17
        residuals are weighted equally (unit weight)

function used for fitting: f(x)
	f(x) = a*x**2+1.8
fitted parameters initialized with current variable values

iter      chisq       delta/lim  lambda   a            
   0 1.1378513660e+01  0.00e+00 1.31e-01  1.000000e+00
   3 3.9566103996e-02 -3.06e-02 1.31e-04 -5.223592e+00

After 3 iterations the fit converged.
final sum of squares of residuals : 0.0395661
rel. change during last iteration : -3.057e-007

degrees of freedom    (FIT_NDF)                        : 16
rms of residuals      (FIT_STDFIT) = sqrt(WSSR/ndf)    : 0.0497281
variance of residuals (reduced chisquare) = WSSR/ndf   : 0.00247288

Final set of parameters            Asymptotic Standard Error
=======================            ==========================
a               = -5.22359         +/- 0.09191      (1.759%)


*******************************************************************************
Fri Jan 05 12:36:20 2018


FIT:    data read from "ValbewegingTable.csv" u 1:2
        format = x:z
        #datapoints = 17
        residuals are weighted equally (unit weight)

function used for fitting: f(x)
	f(x) = a*x**2+1.8
fitted parameters initialized with current variable values

iter      chisq       delta/lim  lambda   a            
   0 1.1378513660e+01  0.00e+00 1.31e-01  1.000000e+00
   3 3.9566103996e-02 -3.06e-02 1.31e-04 -5.223592e+00

After 3 iterations the fit converged.
final sum of squares of residuals : 0.0395661
rel. change during last iteration : -3.057e-007

degrees of freedom    (FIT_NDF)                        : 16
rms of residuals      (FIT_STDFIT) = sqrt(WSSR/ndf)    : 0.0497281
variance of residuals (reduced chisquare) = WSSR/ndf   : 0.00247288

Final set of parameters            Asymptotic Standard Error
=======================            ==========================
a               = -5.22359         +/- 0.09191      (1.759%)


*******************************************************************************
Fri Jan 05 12:36:55 2018


FIT:    data read from "ValbewegingTable.csv" u 1:2
        format = x:z
        #datapoints = 17
        residuals are weighted equally (unit weight)

function used for fitting: f(x)
	f(x) = a*x**2+1.8
fitted parameters initialized with current variable values

iter      chisq       delta/lim  lambda   a            
   0 1.1378513660e+01  0.00e+00 1.31e-01  1.000000e+00
   3 3.9566103996e-02 -3.06e-02 1.31e-04 -5.223592e+00

After 3 iterations the fit converged.
final sum of squares of residuals : 0.0395661
rel. change during last iteration : -3.057e-007

degrees of freedom    (FIT_NDF)                        : 16
rms of residuals      (FIT_STDFIT) = sqrt(WSSR/ndf)    : 0.0497281
variance of residuals (reduced chisquare) = WSSR/ndf   : 0.00247288

Final set of parameters            Asymptotic Standard Error
=======================            ==========================
a               = -5.22359         +/- 0.09191      (1.759%)


*******************************************************************************
Fri Jan 05 12:50:47 2018


FIT:    data read from "ValbewegingTable.csv" u 1:2
        format = x:z
        #datapoints = 17
        residuals are weighted equally (unit weight)

function used for fitting: f(x)
	f(x) = a*x**2+1.8
fitted parameters initialized with current variable values

iter      chisq       delta/lim  lambda   a            
   0 1.1378513660e+01  0.00e+00 1.31e-01  1.000000e+00
   3 3.9566103996e-02 -3.06e-02 1.31e-04 -5.223592e+00

After 3 iterations the fit converged.
final sum of squares of residuals : 0.0395661
rel. change during last iteration : -3.057e-007

degrees of freedom    (FIT_NDF)                        : 16
rms of residuals      (FIT_STDFIT) = sqrt(WSSR/ndf)    : 0.0497281
variance of residuals (reduced chisquare) = WSSR/ndf   : 0.00247288

Final set of parameters            Asymptotic Standard Error
=======================            ==========================
a               = -5.22359         +/- 0.09191      (1.759%)


*******************************************************************************
Fri Jan 05 13:00:43 2018


FIT:    data read from "ValbewegingTable.csv" u 1:2
        format = x:z
        #datapoints = 17
        residuals are weighted equally (unit weight)

function used for fitting: f(x)
	f(x) = a*x**2+1.8
fitted parameters initialized with current variable values

iter      chisq       delta/lim  lambda   a            
   0 1.1378513660e+01  0.00e+00 1.31e-01  1.000000e+00
   3 3.9566103996e-02 -3.06e-02 1.31e-04 -5.223592e+00

After 3 iterations the fit converged.
final sum of squares of residuals : 0.0395661
rel. change during last iteration : -3.057e-007

degrees of freedom    (FIT_NDF)                        : 16
rms of residuals      (FIT_STDFIT) = sqrt(WSSR/ndf)    : 0.0497281
variance of residuals (reduced chisquare) = WSSR/ndf   : 0.00247288

Final set of parameters            Asymptotic Standard Error
=======================            ==========================
a               = -5.22359         +/- 0.09191      (1.759%)


*******************************************************************************
Fri Jan 05 13:01:41 2018


FIT:    data read from "ValbewegingTable.csv" u 1:2
        format = x:z
        #datapoints = 17
        residuals are weighted equally (unit weight)

function used for fitting: f(x)
	f(x) = a*x**2+1.8
fitted parameters initialized with current variable values

iter      chisq       delta/lim  lambda   a            
   0 1.1378513660e+01  0.00e+00 1.31e-01  1.000000e+00
   3 3.9566103996e-02 -3.06e-02 1.31e-04 -5.223592e+00

After 3 iterations the fit converged.
final sum of squares of residuals : 0.0395661
rel. change during last iteration : -3.057e-007

degrees of freedom    (FIT_NDF)                        : 16
rms of residuals      (FIT_STDFIT) = sqrt(WSSR/ndf)    : 0.0497281
variance of residuals (reduced chisquare) = WSSR/ndf   : 0.00247288

Final set of parameters            Asymptotic Standard Error
=======================            ==========================
a               = -5.22359         +/- 0.09191      (1.759%)


*******************************************************************************
Fri Jan 05 13:02:13 2018


FIT:    data read from "ValbewegingTable.csv" u 1:2
        format = x:z
        #datapoints = 17
        residuals are weighted equally (unit weight)

function used for fitting: f(x)
	f(x) = a*x**2+1.8
fitted parameters initialized with current variable values

iter      chisq       delta/lim  lambda   a            
   0 1.1378513660e+01  0.00e+00 1.31e-01  1.000000e+00
   3 3.9566103996e-02 -3.06e-02 1.31e-04 -5.223592e+00

After 3 iterations the fit converged.
final sum of squares of residuals : 0.0395661
rel. change during last iteration : -3.057e-007

degrees of freedom    (FIT_NDF)                        : 16
rms of residuals      (FIT_STDFIT) = sqrt(WSSR/ndf)    : 0.0497281
variance of residuals (reduced chisquare) = WSSR/ndf   : 0.00247288

Final set of parameters            Asymptotic Standard Error
=======================            ==========================
a               = -5.22359         +/- 0.09191      (1.759%)
